Daikon version 5.7.2, released November 7, 2018; http://plse.cs.washington.edu/daikon.
Reading splitter info files (read 1 spinfo file, 662 splitters)
Reading declaration files ...decl: 2 of 2 splitters successful
..jns: 2 of 2 splitters successful
..jnp: 2 of 2 splitters successful
..rol: 2 of 2 splitters successful
..insw: 2 of 2 splitters successful
..cmpw: 2 of 2 splitters successful
..fucom: 2 of 2 splitters successful
..movb: 2 of 2 splitters successful
..mfence: 2 of 2 splitters successful
..decb: 2 of 2 splitters successful
..popl: 2 of 2 splitters successful
..fnstcw: 2 of 2 splitters successful
..cmpb: 2 of 2 splitters successful
..lesw: 2 of 2 splitters successful
..popw: 2 of 2 splitters successful
..fildll: 2 of 2 splitters successful
..negl: 2 of 2 splitters successful
..negb: 2 of 2 splitters successful
..movw: 2 of 2 splitters successful
..decw: 2 of 2 splitters successful
..cmpl: 2 of 2 splitters successful
..sahf: 2 of 2 splitters successful
..movq: 2 of 2 splitters successful
..cmovsl: 2 of 2 splitters successful
..shldl: 2 of 2 splitters successful
..pause: 2 of 2 splitters successful
..movntil: 2 of 2 splitters successful
..cli: 2 of 2 splitters successful
..cld: 2 of 2 splitters successful
..pushfl: 2 of 2 splitters successful
..popfl: 2 of 2 splitters successful
..subq: 2 of 2 splitters successful
..fld1: 2 of 2 splitters successful
..fld: 2 of 2 splitters successful
..clc: 2 of 2 splitters successful
..popfw: 2 of 2 splitters successful
..imull: 2 of 2 splitters successful
..fistpl: 2 of 2 splitters successful
..cmpxchgl: 2 of 2 splitters successful
..jae: 2 of 2 splitters successful
..ja: 2 of 2 splitters successful
..scasb: 2 of 2 splitters successful
..loope: 2 of 2 splitters successful
..loop: 2 of 2 splitters successful
..leaw: 2 of 2 splitters successful
..testq: 2 of 2 splitters successful
..std: 2 of 2 splitters successful
..82: 2 of 2 splitters successful
..negq: 2 of 2 splitters successful
..adcb: 2 of 2 splitters successful
...byte: 2 of 2 splitters successful
..testw: 2 of 2 splitters successful
..pushfw: 2 of 2 splitters successful
..adcl: 2 of 2 splitters successful
..new0x20: 2 of 2 splitters successful
..fdivl: 2 of 2 splitters successful
..sfence: 2 of 2 splitters successful
..adcw: 2 of 2 splitters successful
..fdivs: 2 of 2 splitters successful
..testb: 2 of 2 splitters successful
..0x31: 2 of 2 splitters successful
..cmovnsl: 2 of 2 splitters successful
..das: 2 of 2 splitters successful
..5e: 2 of 2 splitters successful
..repe: 2 of 2 splitters successful
..nop: 2 of 2 splitters successful
..testl: 2 of 2 splitters successful
..repne: 2 of 2 splitters successful
..fxrstor: 2 of 2 splitters successful
..new0xa1: 2 of 2 splitters successful
..jmpw: 2 of 2 splitters successful
..shrdl: 2 of 2 splitters successful
..stc: 2 of 2 splitters successful
..popq: 2 of 2 splitters successful
..jmpq: 2 of 2 splitters successful
..roll: 2 of 2 splitters successful
..leave: 2 of 2 splitters successful
..jmp_far: 2 of 2 splitters successful
..mulw: 2 of 2 splitters successful
..jmpl: 2 of 2 splitters successful
..2a: 2 of 2 splitters successful
..2b: 2 of 2 splitters successful
..swapgs: 2 of 2 splitters successful
..0x9d: 2 of 2 splitters successful
..pushq: 2 of 2 splitters successful
..new0x39: 2 of 2 splitters successful
..cmovel: 2 of 2 splitters successful
..iretl: 2 of 2 splitters successful
..btq: 2 of 2 splitters successful
..jne: 2 of 2 splitters successful
..pushw: 2 of 2 splitters successful
..new0x31: 2 of 2 splitters successful
..ldsw: 2 of 2 splitters successful
..hlt: 2 of 2 splitters successful
..frstor: 2 of 2 splitters successful
..new0x9d: 2 of 2 splitters successful
..pushaw: 2 of 2 splitters successful
..jle: 2 of 2 splitters successful
..jl: 2 of 2 splitters successful
..movsbl: 2 of 2 splitters successful
..movsb: 2 of 2 splitters successful
..pushal: 2 of 2 splitters successful
..wrmsr: 2 of 2 splitters successful
..iretw: 2 of 2 splitters successful
..btl: 2 of 2 splitters successful
..80: 2 of 2 splitters successful
..81: 2 of 2 splitters successful
..pushl: 2 of 2 splitters successful
..orq: 2 of 2 splitters successful
..cmovnel: 2 of 2 splitters successful
..addw: 2 of 2 splitters successful
..00: 2 of 2 splitters successful
..fxch: 2 of 2 splitters successful
..setle: 2 of 2 splitters successful
..lidtw: 2 of 2 splitters successful
..ljmpl: 2 of 2 splitters successful
..outw: 2 of 2 splitters successful
..72: 2 of 2 splitters successful
..jge: 2 of 2 splitters successful
..jg: 2 of 2 splitters successful
..leal: 2 of 2 splitters successful
..sysretq: 2 of 2 splitters successful
..new0x49: 2 of 2 splitters successful
..outb: 2 of 2 splitters successful
..leaq: 2 of 2 splitters successful
..addb: 2 of 2 splitters successful
..fistpll: 2 of 2 splitters successful
..3c: 2 of 2 splitters successful
..3a: 2 of 2 splitters successful
..addl: 2 of 2 splitters successful
..outl: 2 of 2 splitters successful
..ljmpw: 2 of 2 splitters successful
..lidtl: 2 of 2 splitters successful
..3d: 2 of 2 splitters successful
..06: 2 of 2 splitters successful
..syscall: 2 of 2 splitters successful
..mull: 2 of 2 splitters successful
..mulb: 2 of 2 splitters successful
..orw: 2 of 2 splitters successful
..cmovbq: 2 of 2 splitters successful
..lgdtw: 2 of 2 splitters successful
..lgdtq: 2 of 2 splitters successful
..js: 2 of 2 splitters successful
..orl: 2 of 2 splitters successful
..invlpg: 2 of 2 splitters successful
..cmovbl: 2 of 2 splitters successful
..je: 2 of 2 splitters successful
..adcq: 2 of 2 splitters successful
..orb: 2 of 2 splitters successful
..jb: 2 of 2 splitters successful
..wait: 2 of 2 splitters successful
..0x39: 2 of 2 splitters successful
..lgdtl: 2 of 2 splitters successful
..movsl: 2 of 2 splitters successful
..rorl: 2 of 2 splitters successful
..btrl: 2 of 2 splitters successful
..movswl: 2 of 2 splitters successful
..movsw: 2 of 2 splitters successful
..a0: 2 of 2 splitters successful
..stosb: 2 of 2 splitters successful
..rorb: 2 of 2 splitters successful
..fmull: 2 of 2 splitters successful
..sarb: 2 of 2 splitters successful
..stosw: 2 of 2 splitters successful
..jmp_near: 2 of 2 splitters successful
..imulw: 2 of 2 splitters successful
..0x20: 2 of 2 splitters successful
..0xa1: 2 of 2 splitters successful
..movzwl: 2 of 2 splitters successful
..0x69: 2 of 2 splitters successful
..subw: 2 of 2 splitters successful
..cmovgl: 2 of 2 splitters successful
..shrb: 2 of 2 splitters successful
..clts: 2 of 2 splitters successful
..movzbw: 2 of 2 splitters successful
..cc: 2 of 2 splitters successful
..shrl: 2 of 2 splitters successful
..new0x76: 2 of 2 splitters successful
..nopw: 2 of 2 splitters successful
..shrw: 2 of 2 splitters successful
..cltd: 2 of 2 splitters successful
..lldtw: 2 of 2 splitters successful
..cmovaq: 2 of 2 splitters successful
..subb: 2 of 2 splitters successful
..setge: 2 of 2 splitters successful
..setg: 2 of 2 splitters successful
..shrq: 2 of 2 splitters successful
..idivl: 2 of 2 splitters successful
..subl: 2 of 2 splitters successful
..retl: 2 of 2 splitters successful
..movzbl: 2 of 2 splitters successful
..cmovaeq: 2 of 2 splitters successful
..calll_far: 2 of 2 splitters successful
..andl: 2 of 2 splitters successful
..movslq: 2 of 2 splitters successful
..mulq: 2 of 2 splitters successful
..new0x89: 2 of 2 splitters successful
..movl: 2 of 2 splitters successful
..sarl: 2 of 2 splitters successful
..new0xef: 2 of 2 splitters successful
..setne: 2 of 2 splitters successful
..andb: 2 of 2 splitters successful
..1a: 2 of 2 splitters successful
..f8: 2 of 2 splitters successful
..retq: 2 of 2 splitters successful
..retw: 2 of 2 splitters successful
..nopl: 2 of 2 splitters successful
..iretq: 2 of 2 splitters successful
..cmovlel: 2 of 2 splitters successful
..andw: 2 of 2 splitters successful
..setns: 2 of 2 splitters successful
..new0x08: 2 of 2 splitters successful
..fucompp: 2 of 2 splitters successful
..fucomp: 2 of 2 splitters successful
..popal: 2 of 2 splitters successful
..rsm: 2 of 2 splitters successful
..01: 2 of 2 splitters successful
..xchgw: 2 of 2 splitters successful
..fnstsw: 2 of 2 splitters successful
..shlq: 2 of 2 splitters successful
..cwtl: 2 of 2 splitters successful
..xaddl: 2 of 2 splitters successful
..shlw: 2 of 2 splitters successful
..flds: 2 of 2 splitters successful
..9a: 2 of 2 splitters successful
..sbbl: 2 of 2 splitters successful
..xchgb: 2 of 2 splitters successful
..shll: 2 of 2 splitters successful
..lretl: 2 of 2 splitters successful
..movabsq: 2 of 2 splitters successful
..rdtsc: 2 of 2 splitters successful
..shlb: 2 of 2 splitters successful
..0x89: 2 of 2 splitters successful
..xchgl: 2 of 2 splitters successful
..lcallw: 2 of 2 splitters successful
..new0x0e: 2 of 2 splitters successful
..calll_near: 2 of 2 splitters successful
..new0x99: 2 of 2 splitters successful
..lfence: 2 of 2 splitters successful
..lodsw: 2 of 2 splitters successful
..lretw: 2 of 2 splitters successful
..andq: 2 of 2 splitters successful
..sti: 2 of 2 splitters successful
..fsubp: 2 of 2 splitters successful
..cmovll: 2 of 2 splitters successful
..lmsww: 2 of 2 splitters successful
..7f: 2 of 2 splitters successful
..0x76: 2 of 2 splitters successful
..setae: 2 of 2 splitters successful
..seta: 2 of 2 splitters successful
..fldz: 2 of 2 splitters successful
..bsrl: 2 of 2 splitters successful
..int: 2 of 2 splitters successful
..lock: 2 of 2 splitters successful
..cmovgel: 2 of 2 splitters successful
..inw: 2 of 2 splitters successful
..3f: 2 of 2 splitters successful
..fsetpm: 2 of 2 splitters successful
..inl: 2 of 2 splitters successful
..cmovael: 2 of 2 splitters successful
..fldl: 2 of 2 splitters successful
..cmpq: 2 of 2 splitters successful
..fninit: 2 of 2 splitters successful
..lidtq: 2 of 2 splitters successful
..0x49: 2 of 2 splitters successful
..cpuid: 2 of 2 splitters successful
..45: 2 of 2 splitters successful
..c0: 2 of 2 splitters successful
..20: 2 of 2 splitters successful
..inb: 2 of 2 splitters successful
..incq: 2 of 2 splitters successful
..bsfl: 2 of 2 splitters successful
..0x08: 2 of 2 splitters successful
..setb: 2 of 2 splitters successful
..setbe: 2 of 2 splitters successful
..incw: 2 of 2 splitters successful
..lssl: 2 of 2 splitters successful
..fldcw: 2 of 2 splitters successful
..sbbb: 2 of 2 splitters successful
..40: 2 of 2 splitters successful
..rdmsr: 2 of 2 splitters successful
..incb: 2 of 2 splitters successful
..0xef: 2 of 2 splitters successful
..cmoval: 2 of 2 splitters successful
..notl: 2 of 2 splitters successful
..cmoveq: 2 of 2 splitters successful
..incl: 2 of 2 splitters successful
..wbinvd: 2 of 2 splitters successful
..bsfq: 2 of 2 splitters successful
..addq: 2 of 2 splitters successful
..xorq: 2 of 2 splitters successful
..insb: 2 of 2 splitters successful
..divl: 2 of 2 splitters successful
..xorw: 2 of 2 splitters successful
..outsw: 2 of 2 splitters successful
..stosl: 2 of 2 splitters successful
..cmovneq: 2 of 2 splitters successful
..insl: 2 of 2 splitters successful
..divb: 2 of 2 splitters successful
..prefetchnta: 2 of 2 splitters successful
..a1: 2 of 2 splitters successful
..fstp: 2 of 2 splitters successful
..xorb: 2 of 2 splitters successful
..new0x69: 2 of 2 splitters successful
..ff: 2 of 2 splitters successful
..0x0e: 2 of 2 splitters successful
..divw: 2 of 2 splitters successful
..notq: 2 of 2 splitters successful
..bsrq: 2 of 2 splitters successful
..outsl: 2 of 2 splitters successful
..xorl: 2 of 2 splitters successful
..divq: 2 of 2 splitters successful
..cmovbel: 2 of 2 splitters successful
..popaw: 2 of 2 splitters successful
..sete: 2 of 2 splitters successful
..callw: 2 of 2 splitters successful
..sgdtl: 2 of 2 splitters successful
..callq: 2 of 2 splitters successful
..jecxz: 2 of 2 splitters successful
..cltq: 2 of 2 splitters successful
..btsl: 2 of 2 splitters successful
..fxsave: 2 of 2 splitters successful
..jbe: 2 of 2 splitters successful
..lodsb: 2 of 2 splitters successful
..0x99: 2 of 2 splitters successful
..sets: 2 of 2 splitters successful
..4f: 2 of 2 splitters successful
..bswapl: 2 of 2 splitters successful
..4c: 2 of 2 splitters successful
..lcalll: 2 of 2 splitters successful
..ltrw: 2 of 2 splitters successful
(read 1 decls file)
Processing trace data; reading 1 dtrace file:

No return from procedure observed 1 time.  Unmatched entries are ignored!
Unterminated calls:
  ..0x31() : 1 invocation
End of report for procedures not returned from.  Unmatched entries are ignored!

===========================================================================
..0x31():::ENTER
CPL == CS_DPL
CPL == SS_DPL
CPL == FS_DPL
CPL == GS_DPL
CPL == LDT_DPL
CPL == TR_DPL
A20 == EFL_1
A20 == CR0_0
A20 == CR0_1
A20 == CR0_3
A20 == CR0_5
A20 == CR0_18
A20 == CR4_6
A20 == CR4_9
A20 == D_EFL_1
A20 == D_EFL_2
A20 == D_EFL_4
A20 == D_EFL_6
A20 == D_EFL_8
A20 == D_EFL_9
A20 == D_EFL_11
A20 == D_EFL_13
A20 == D_CR0_0
A20 == D_CR0_1
A20 == D_CR0_2
A20 == D_CR0_3
A20 == D_CR0_5
A20 == D_CR0_7
A20 == D_CR0_18
A20 == D_CR0_20
A20 == D_CR4_6
A20 == D_CR4_8
A20 == D_CR4_9
A20 == D_CR4_11
A20 == D_CR4_12
A20 == D_CPL
A20 == D_SMM
SMM == HLT
SMM == EFL_8
SMM == EFL_11
SMM == EFL_13
SMM == CR0_2
SMM == CR0_7
SMM == CR0_20
SMM == CR4_8
SMM == CR4_11
SMM == CR4_12
ES == DS
ES_DPL == DS_DPL
ADDR == -1
EAX >= 0
EBX >= 2
ECX >= 0
EDX >= 0
CPL == 0
II one of { 0, 1 }
A20 == 1
SMM == 0
ES == "007b00000000ffffffff00cff300"
CS == "006000000000ffffffff00cf9a00"
SS == "006800000000ffffffff00cf9300"
FS == "0000000000000000000000000000"
GS == "00d8c110a0000000000f00009300"
LDT == "0000000000000000000000008200"
TR == "0080c1100a800000207300008900"
ES_DPL == 3
GDT == "c1109000000000ff"
IDT == "c049f000000007ff"
CR0 == 2147811387L
CR2 == 135180296
CR3 == 131563520
CR4 == 1744
DR0 == 0
DR1 == 0
DR2 == 0
DR3 == 0
DR6 == 4294905840L
DR7 == 1024
CCD >= 0
CC0 == 0
EFER == 0
EFL_2 one of { 0, 1 }
EFL_4 one of { 0, 1 }
EFL_6 one of { 0, 1 }
EFL_9 one of { 0, 1 }
ADDR < EIP
EAX != ECX
EBX != EDX
ECX != EDX
II <= A20
II >= SMM
II <= EFL_2
II <= EFL_4
II <= EFL_9
A20 >= EFL_2
A20 >= EFL_4
A20 >= EFL_6
A20 >= EFL_9
SMM <= EFL_2
SMM <= EFL_4
SMM <= EFL_6
SMM <= EFL_9
ES > CS
ES > SS
ES > FS
ES < GS
ES > LDT
ES < TR
CS < SS
CS > FS
CS < GS
CS > LDT
CS < TR
SS > FS
SS < GS
SS > LDT
SS < TR
FS < GS
FS < LDT
FS < TR
GS > LDT
GS > TR
LDT < TR
GDT > IDT
EFL_2 >= EFL_6
EFL_2 >= EFL_9
===========================================================================
..0x31():::ENTER;condition="CR4_12==0"
===========================================================================
..0x31():::ENTER;condition="not(D_CR4_12==0)"
CPL == CS_DPL
CPL == SS_DPL
CPL == FS_DPL
CPL == GS_DPL
CPL == LDT_DPL
CPL == TR_DPL
A20 == EFL_1
A20 == CR0_0
A20 == CR0_1
A20 == CR0_3
A20 == CR0_5
A20 == CR0_18
A20 == CR4_6
A20 == CR4_9
A20 == D_EFL_1
A20 == D_EFL_2
A20 == D_EFL_4
A20 == D_EFL_6
A20 == D_EFL_8
A20 == D_EFL_9
A20 == D_EFL_11
A20 == D_EFL_13
A20 == D_CR0_0
A20 == D_CR0_1
A20 == D_CR0_2
A20 == D_CR0_3
A20 == D_CR0_5
A20 == D_CR0_7
A20 == D_CR0_18
A20 == D_CR0_20
A20 == D_CR4_6
A20 == D_CR4_8
A20 == D_CR4_9
A20 == D_CR4_11
A20 == D_CR4_12
A20 == D_CPL
A20 == D_SMM
SMM == HLT
SMM == EFL_8
SMM == EFL_11
SMM == EFL_13
SMM == CR0_2
SMM == CR0_7
SMM == CR0_20
SMM == CR4_8
SMM == CR4_11
SMM == CR4_12
ES == DS
ES_DPL == DS_DPL
ADDR == -1
EAX >= 0
EBX >= 2
ECX >= 0
EDX >= 0
CPL == 0
II one of { 0, 1 }
A20 == 1
SMM == 0
ES == "007b00000000ffffffff00cff300"
CS == "006000000000ffffffff00cf9a00"
SS == "006800000000ffffffff00cf9300"
FS == "0000000000000000000000000000"
GS == "00d8c110a0000000000f00009300"
LDT == "0000000000000000000000008200"
TR == "0080c1100a800000207300008900"
ES_DPL == 3
GDT == "c1109000000000ff"
IDT == "c049f000000007ff"
CR0 == 2147811387L
CR2 == 135180296
CR3 == 131563520
CR4 == 1744
DR0 == 0
DR1 == 0
DR2 == 0
DR3 == 0
DR6 == 4294905840L
DR7 == 1024
CCD >= 0
CC0 == 0
EFER == 0
EFL_2 one of { 0, 1 }
EFL_4 one of { 0, 1 }
EFL_6 one of { 0, 1 }
EFL_9 one of { 0, 1 }
ADDR < EIP
EAX != ECX
EBX != EDX
ECX != EDX
II <= A20
II >= SMM
II <= EFL_2
II <= EFL_4
II <= EFL_9
A20 >= EFL_2
A20 >= EFL_4
A20 >= EFL_6
A20 >= EFL_9
SMM <= EFL_2
SMM <= EFL_4
SMM <= EFL_6
SMM <= EFL_9
ES > CS
ES > SS
ES > FS
ES < GS
ES > LDT
ES < TR
CS < SS
CS > FS
CS < GS
CS > LDT
CS < TR
SS > FS
SS < GS
SS > LDT
SS < TR
FS < GS
FS < LDT
FS < TR
GS > LDT
GS > TR
LDT < TR
GDT > IDT
EFL_2 >= EFL_6
EFL_2 >= EFL_9
===========================================================================
..0x31():::EXIT
ADDR == orig(ADDR)
CPL == CS_DPL
CPL == SS_DPL
CPL == FS_DPL
CPL == GS_DPL
CPL == LDT_DPL
CPL == TR_DPL
CPL == orig(CPL)
CPL == orig(CS_DPL)
CPL == orig(SS_DPL)
CPL == orig(FS_DPL)
CPL == orig(GS_DPL)
CPL == orig(LDT_DPL)
CPL == orig(TR_DPL)
A20 == EFL_1
A20 == CR0_0
A20 == CR0_1
A20 == CR0_3
A20 == CR0_5
A20 == CR0_18
A20 == CR4_6
A20 == CR4_9
A20 == D_EFL_1
A20 == D_EFL_8
A20 == D_EFL_11
A20 == D_EFL_13
A20 == D_CR0_0
A20 == D_CR0_1
A20 == D_CR0_2
A20 == D_CR0_3
A20 == D_CR0_5
A20 == D_CR0_7
A20 == D_CR0_18
A20 == D_CR0_20
A20 == D_CR4_6
A20 == D_CR4_8
A20 == D_CR4_9
A20 == D_CR4_11
A20 == D_CR4_12
A20 == D_CPL
A20 == D_SMM
A20 == orig(A20)
A20 == orig(EFL_1)
A20 == orig(CR0_0)
A20 == orig(CR0_1)
A20 == orig(CR0_3)
A20 == orig(CR0_5)
A20 == orig(CR0_18)
A20 == orig(CR4_6)
A20 == orig(CR4_9)
A20 == orig(D_EFL_1)
A20 == orig(D_EFL_2)
A20 == orig(D_EFL_4)
A20 == orig(D_EFL_6)
A20 == orig(D_EFL_8)
A20 == orig(D_EFL_9)
A20 == orig(D_EFL_11)
A20 == orig(D_EFL_13)
A20 == orig(D_CR0_0)
A20 == orig(D_CR0_1)
A20 == orig(D_CR0_2)
A20 == orig(D_CR0_3)
A20 == orig(D_CR0_5)
A20 == orig(D_CR0_7)
A20 == orig(D_CR0_18)
A20 == orig(D_CR0_20)
A20 == orig(D_CR4_6)
A20 == orig(D_CR4_8)
A20 == orig(D_CR4_9)
A20 == orig(D_CR4_11)
A20 == orig(D_CR4_12)
A20 == orig(D_CPL)
A20 == orig(D_SMM)
SMM == HLT
SMM == EFL_8
SMM == EFL_11
SMM == EFL_13
SMM == CR0_2
SMM == CR0_7
SMM == CR0_20
SMM == CR4_8
SMM == CR4_11
SMM == CR4_12
SMM == orig(SMM)
SMM == orig(HLT)
SMM == orig(EFL_8)
SMM == orig(EFL_11)
SMM == orig(EFL_13)
SMM == orig(CR0_2)
SMM == orig(CR0_7)
SMM == orig(CR0_20)
SMM == orig(CR4_8)
SMM == orig(CR4_11)
SMM == orig(CR4_12)
ES == DS
ES == orig(ES)
ES == orig(DS)
CS == orig(CS)
SS == orig(SS)
FS == orig(FS)
GS == orig(GS)
LDT == orig(LDT)
TR == orig(TR)
ES_DPL == DS_DPL
ES_DPL == orig(ES_DPL)
ES_DPL == orig(DS_DPL)
GDT == orig(GDT)
IDT == orig(IDT)
CR0 == orig(CR0)
CR2 == orig(CR2)
CR3 == orig(CR3)
CR4 == orig(CR4)
DR0 == orig(DR0)
DR1 == orig(DR1)
DR2 == orig(DR2)
DR3 == orig(DR3)
DR6 == orig(DR6)
DR7 == orig(DR7)
CC0 == orig(CC0)
EFER == orig(EFER)
ADDR == -1
EAX >= 0
EBX >= 2
ECX >= 0
EDX >= 0
CPL == 0
II one of { 0, 1 }
A20 == 1
SMM == 0
ES == "007b00000000ffffffff00cff300"
CS == "006000000000ffffffff00cf9a00"
SS == "006800000000ffffffff00cf9300"
FS == "0000000000000000000000000000"
GS == "00d8c110a0000000000f00009300"
LDT == "0000000000000000000000008200"
TR == "0080c1100a800000207300008900"
ES_DPL == 3
GDT == "c1109000000000ff"
IDT == "c049f000000007ff"
CR0 == 2147811387L
CR2 == 135180296
CR3 == 131563520
CR4 == 1744
DR0 == 0
DR1 == 0
DR2 == 0
DR3 == 0
DR6 == 4294905840L
DR7 == 1024
CCS >= 0
CCD >= 0
CC0 == 0
EFER == 0
EFL_2 one of { 0, 1 }
EFL_4 one of { 0, 1 }
EFL_6 one of { 0, 1 }
EFL_9 one of { 0, 1 }
D_EFL_2 one of { 0, 1, 2 }
D_EFL_4 one of { 0, 1, 2 }
D_EFL_6 one of { 0, 1, 2 }
D_EFL_9 one of { 0, 1, 2 }
ADDR < EIP
ADDR < orig(EIP)
EAX != ECX
EAX != orig(EBX)
EAX != orig(EDX)
EBX != EDX
EBX != orig(EAX)
EBX != orig(EDX)
ECX != EDX
ECX != orig(EDX)
EDX != orig(EAX)
EDX != orig(EBX)
EIP != orig(EIP)
II <= A20
II >= SMM
II <= EFL_2
II <= EFL_9
II <= D_EFL_2
II <= D_EFL_4
II <= D_EFL_6
II <= D_EFL_9
II <= orig(EFL_2)
II <= orig(EFL_9)
A20 >= EFL_2
A20 >= EFL_4
A20 >= EFL_6
A20 >= EFL_9
A20 >= orig(II)
A20 >= orig(EFL_2)
A20 >= orig(EFL_4)
A20 >= orig(EFL_6)
A20 >= orig(EFL_9)
SMM <= EFL_2
SMM <= EFL_4
SMM <= EFL_6
SMM <= EFL_9
SMM <= D_EFL_2
SMM <= D_EFL_4
SMM <= D_EFL_6
SMM <= D_EFL_9
SMM <= orig(II)
SMM <= orig(EFL_2)
SMM <= orig(EFL_4)
SMM <= orig(EFL_6)
SMM <= orig(EFL_9)
ES > CS
ES > SS
ES > FS
ES < GS
ES > LDT
ES < TR
CS < SS
CS > FS
CS < GS
CS > LDT
CS < TR
SS > FS
SS < GS
SS > LDT
SS < TR
FS < GS
FS < LDT
FS < TR
GS > LDT
GS > TR
LDT < TR
GDT > IDT
EFL_2 >= EFL_6
EFL_2 >= EFL_9
EFL_2 <= D_EFL_2
EFL_2 <= D_EFL_6
EFL_2 >= orig(II)
EFL_2 >= orig(EFL_9)
EFL_4 <= D_EFL_4
EFL_4 <= D_EFL_9
EFL_4 >= orig(II)
EFL_6 <= D_EFL_2
EFL_6 <= D_EFL_6
EFL_9 <= D_EFL_2
EFL_9 <= D_EFL_6
EFL_9 <= D_EFL_9
EFL_9 >= orig(II)
D_EFL_2 >= orig(II)
D_EFL_2 >= orig(EFL_9)
D_EFL_4 >= orig(II)
D_EFL_4 >= orig(EFL_6)
D_EFL_6 >= orig(II)
D_EFL_6 >= orig(EFL_4)
D_EFL_6 >= orig(EFL_9)
D_EFL_9 >= orig(II)
D_EFL_9 >= orig(EFL_6)
===========================================================================
..0x31():::EXIT;condition="CR4_12==0"
===========================================================================
..0x31():::EXIT;condition="not(D_CR4_12==0)"
ADDR == orig(ADDR)
CPL == CS_DPL
CPL == SS_DPL
CPL == FS_DPL
CPL == GS_DPL
CPL == LDT_DPL
CPL == TR_DPL
CPL == orig(CPL)
CPL == orig(CS_DPL)
CPL == orig(SS_DPL)
CPL == orig(FS_DPL)
CPL == orig(GS_DPL)
CPL == orig(LDT_DPL)
CPL == orig(TR_DPL)
A20 == EFL_1
A20 == CR0_0
A20 == CR0_1
A20 == CR0_3
A20 == CR0_5
A20 == CR0_18
A20 == CR4_6
A20 == CR4_9
A20 == D_EFL_1
A20 == D_EFL_8
A20 == D_EFL_11
A20 == D_EFL_13
A20 == D_CR0_0
A20 == D_CR0_1
A20 == D_CR0_2
A20 == D_CR0_3
A20 == D_CR0_5
A20 == D_CR0_7
A20 == D_CR0_18
A20 == D_CR0_20
A20 == D_CR4_6
A20 == D_CR4_8
A20 == D_CR4_9
A20 == D_CR4_11
A20 == D_CR4_12
A20 == D_CPL
A20 == D_SMM
A20 == orig(A20)
A20 == orig(EFL_1)
A20 == orig(CR0_0)
A20 == orig(CR0_1)
A20 == orig(CR0_3)
A20 == orig(CR0_5)
A20 == orig(CR0_18)
A20 == orig(CR4_6)
A20 == orig(CR4_9)
A20 == orig(D_EFL_1)
A20 == orig(D_EFL_2)
A20 == orig(D_EFL_4)
A20 == orig(D_EFL_6)
A20 == orig(D_EFL_8)
A20 == orig(D_EFL_9)
A20 == orig(D_EFL_11)
A20 == orig(D_EFL_13)
A20 == orig(D_CR0_0)
A20 == orig(D_CR0_1)
A20 == orig(D_CR0_2)
A20 == orig(D_CR0_3)
A20 == orig(D_CR0_5)
A20 == orig(D_CR0_7)
A20 == orig(D_CR0_18)
A20 == orig(D_CR0_20)
A20 == orig(D_CR4_6)
A20 == orig(D_CR4_8)
A20 == orig(D_CR4_9)
A20 == orig(D_CR4_11)
A20 == orig(D_CR4_12)
A20 == orig(D_CPL)
A20 == orig(D_SMM)
SMM == HLT
SMM == EFL_8
SMM == EFL_11
SMM == EFL_13
SMM == CR0_2
SMM == CR0_7
SMM == CR0_20
SMM == CR4_8
SMM == CR4_11
SMM == CR4_12
SMM == orig(SMM)
SMM == orig(HLT)
SMM == orig(EFL_8)
SMM == orig(EFL_11)
SMM == orig(EFL_13)
SMM == orig(CR0_2)
SMM == orig(CR0_7)
SMM == orig(CR0_20)
SMM == orig(CR4_8)
SMM == orig(CR4_11)
SMM == orig(CR4_12)
ES == DS
ES == orig(ES)
ES == orig(DS)
CS == orig(CS)
SS == orig(SS)
FS == orig(FS)
GS == orig(GS)
LDT == orig(LDT)
TR == orig(TR)
ES_DPL == DS_DPL
ES_DPL == orig(ES_DPL)
ES_DPL == orig(DS_DPL)
GDT == orig(GDT)
IDT == orig(IDT)
CR0 == orig(CR0)
CR2 == orig(CR2)
CR3 == orig(CR3)
CR4 == orig(CR4)
DR0 == orig(DR0)
DR1 == orig(DR1)
DR2 == orig(DR2)
DR3 == orig(DR3)
DR6 == orig(DR6)
DR7 == orig(DR7)
CC0 == orig(CC0)
EFER == orig(EFER)
ADDR == -1
EAX >= 0
EBX >= 2
ECX >= 0
EDX >= 0
CPL == 0
II one of { 0, 1 }
A20 == 1
SMM == 0
ES == "007b00000000ffffffff00cff300"
CS == "006000000000ffffffff00cf9a00"
SS == "006800000000ffffffff00cf9300"
FS == "0000000000000000000000000000"
GS == "00d8c110a0000000000f00009300"
LDT == "0000000000000000000000008200"
TR == "0080c1100a800000207300008900"
ES_DPL == 3
GDT == "c1109000000000ff"
IDT == "c049f000000007ff"
CR0 == 2147811387L
CR2 == 135180296
CR3 == 131563520
CR4 == 1744
DR0 == 0
DR1 == 0
DR2 == 0
DR3 == 0
DR6 == 4294905840L
DR7 == 1024
CCS >= 0
CCD >= 0
CC0 == 0
EFER == 0
EFL_2 one of { 0, 1 }
EFL_4 one of { 0, 1 }
EFL_6 one of { 0, 1 }
EFL_9 one of { 0, 1 }
D_EFL_2 one of { 0, 1, 2 }
D_EFL_4 one of { 0, 1, 2 }
D_EFL_6 one of { 0, 1, 2 }
D_EFL_9 one of { 0, 1, 2 }
ADDR < EIP
ADDR < orig(EIP)
EAX != ECX
EAX != orig(EBX)
EAX != orig(EDX)
EBX != EDX
EBX != orig(EAX)
EBX != orig(EDX)
ECX != EDX
ECX != orig(EDX)
EDX != orig(EAX)
EDX != orig(EBX)
EIP != orig(EIP)
II <= A20
II >= SMM
II <= EFL_2
II <= EFL_9
II <= D_EFL_2
II <= D_EFL_4
II <= D_EFL_6
II <= D_EFL_9
II <= orig(EFL_2)
II <= orig(EFL_9)
A20 >= EFL_2
A20 >= EFL_4
A20 >= EFL_6
A20 >= EFL_9
A20 >= orig(II)
A20 >= orig(EFL_2)
A20 >= orig(EFL_4)
A20 >= orig(EFL_6)
A20 >= orig(EFL_9)
SMM <= EFL_2
SMM <= EFL_4
SMM <= EFL_6
SMM <= EFL_9
SMM <= D_EFL_2
SMM <= D_EFL_4
SMM <= D_EFL_6
SMM <= D_EFL_9
SMM <= orig(II)
SMM <= orig(EFL_2)
SMM <= orig(EFL_4)
SMM <= orig(EFL_6)
SMM <= orig(EFL_9)
ES > CS
ES > SS
ES > FS
ES < GS
ES > LDT
ES < TR
CS < SS
CS > FS
CS < GS
CS > LDT
CS < TR
SS > FS
SS < GS
SS > LDT
SS < TR
FS < GS
FS < LDT
FS < TR
GS > LDT
GS > TR
LDT < TR
GDT > IDT
EFL_2 >= EFL_6
EFL_2 >= EFL_9
EFL_2 <= D_EFL_2
EFL_2 <= D_EFL_6
EFL_2 >= orig(II)
EFL_2 >= orig(EFL_9)
EFL_4 <= D_EFL_4
EFL_4 <= D_EFL_9
EFL_4 >= orig(II)
EFL_6 <= D_EFL_2
EFL_6 <= D_EFL_6
EFL_9 <= D_EFL_2
EFL_9 <= D_EFL_6
EFL_9 <= D_EFL_9
EFL_9 >= orig(II)
D_EFL_2 >= orig(II)
D_EFL_2 >= orig(EFL_9)
D_EFL_4 >= orig(II)
D_EFL_4 >= orig(EFL_6)
D_EFL_6 >= orig(II)
D_EFL_6 >= orig(EFL_4)
D_EFL_6 >= orig(EFL_9)
D_EFL_9 >= orig(II)
D_EFL_9 >= orig(EFL_6)
===========================================================================
..0xef():::ENTER
CPL == CS_DPL
CPL == SS_DPL
CPL == FS_DPL
CPL == GS_DPL
CPL == LDT_DPL
CPL == TR_DPL
A20 == EFL_1
A20 == CR0_0
A20 == CR0_1
A20 == CR0_3
A20 == CR0_5
A20 == CR0_18
A20 == CR4_6
A20 == CR4_9
A20 == D_EFL_1
A20 == D_EFL_2
A20 == D_EFL_4
A20 == D_EFL_6
A20 == D_EFL_8
A20 == D_EFL_9
A20 == D_EFL_11
A20 == D_EFL_13
A20 == D_CR0_0
A20 == D_CR0_1
A20 == D_CR0_2
A20 == D_CR0_3
A20 == D_CR0_5
A20 == D_CR0_7
A20 == D_CR0_18
A20 == D_CR0_20
A20 == D_CR4_6
A20 == D_CR4_8
A20 == D_CR4_9
A20 == D_CR4_11
A20 == D_CR4_12
A20 == D_CPL
A20 == D_SMM
SMM == HLT
SMM == EFL_8
SMM == EFL_11
SMM == EFL_13
SMM == CR0_2
SMM == CR0_7
SMM == CR0_20
SMM == CR4_8
SMM == CR4_11
SMM == CR4_12
ES == DS
ES_DPL == DS_DPL
ADDR == -1
EAX >= 0
EBX >= 2
ECX >= 1
EDX >= 0
CPL == 0
II one of { 0, 1 }
A20 == 1
SMM == 0
ES == "007b00000000ffffffff00cff300"
CS == "006000000000ffffffff00cf9a00"
SS == "006800000000ffffffff00cf9300"
FS == "0000000000000000000000000000"
GS == "00d8c110a0000000000f00009300"
LDT == "0000000000000000000000008200"
TR == "0080c1100a800000207300008900"
ES_DPL == 3
GDT == "c1109000000000ff"
IDT == "c049f000000007ff"
CR0 == 2147811387L
CR2 == 135180296
CR3 == 131563520
CR4 == 1744
DR0 == 0
DR1 == 0
DR2 == 0
DR3 == 0
DR6 == 4294905840L
DR7 == 1024
CCD >= 0
CC0 == 0
EFER == 0
EFL_2 one of { 0, 1 }
EFL_4 one of { 0, 1 }
EFL_6 one of { 0, 1 }
EFL_9 one of { 0, 1 }
ADDR < EIP
EAX != ECX
EAX != EDX
EBX != EDX
ECX != EDX
II <= A20
II >= SMM
II <= EFL_2
II <= EFL_9
A20 >= EFL_2
A20 >= EFL_4
A20 >= EFL_6
A20 >= EFL_9
SMM <= EFL_2
SMM <= EFL_4
SMM <= EFL_6
SMM <= EFL_9
ES > CS
ES > SS
ES > FS
ES < GS
ES > LDT
ES < TR
CS < SS
CS > FS
CS < GS
CS > LDT
CS < TR
SS > FS
SS < GS
SS > LDT
SS < TR
FS < GS
FS < LDT
FS < TR
GS > LDT
GS > TR
LDT < TR
GDT > IDT
EFL_2 >= EFL_6
EFL_2 >= EFL_9
===========================================================================
..0xef():::ENTER;condition="CR4_12==0"
===========================================================================
..0xef():::ENTER;condition="not(D_CR4_12==0)"
CPL == CS_DPL
CPL == SS_DPL
CPL == FS_DPL
CPL == GS_DPL
CPL == LDT_DPL
CPL == TR_DPL
A20 == EFL_1
A20 == CR0_0
A20 == CR0_1
A20 == CR0_3
A20 == CR0_5
A20 == CR0_18
A20 == CR4_6
A20 == CR4_9
A20 == D_EFL_1
A20 == D_EFL_2
A20 == D_EFL_4
A20 == D_EFL_6
A20 == D_EFL_8
A20 == D_EFL_9
A20 == D_EFL_11
A20 == D_EFL_13
A20 == D_CR0_0
A20 == D_CR0_1
A20 == D_CR0_2
A20 == D_CR0_3
A20 == D_CR0_5
A20 == D_CR0_7
A20 == D_CR0_18
A20 == D_CR0_20
A20 == D_CR4_6
A20 == D_CR4_8
A20 == D_CR4_9
A20 == D_CR4_11
A20 == D_CR4_12
A20 == D_CPL
A20 == D_SMM
SMM == HLT
SMM == EFL_8
SMM == EFL_11
SMM == EFL_13
SMM == CR0_2
SMM == CR0_7
SMM == CR0_20
SMM == CR4_8
SMM == CR4_11
SMM == CR4_12
ES == DS
ES_DPL == DS_DPL
ADDR == -1
EAX >= 0
EBX >= 2
ECX >= 1
EDX >= 0
CPL == 0
II one of { 0, 1 }
A20 == 1
SMM == 0
ES == "007b00000000ffffffff00cff300"
CS == "006000000000ffffffff00cf9a00"
SS == "006800000000ffffffff00cf9300"
FS == "0000000000000000000000000000"
GS == "00d8c110a0000000000f00009300"
LDT == "0000000000000000000000008200"
TR == "0080c1100a800000207300008900"
ES_DPL == 3
GDT == "c1109000000000ff"
IDT == "c049f000000007ff"
CR0 == 2147811387L
CR2 == 135180296
CR3 == 131563520
CR4 == 1744
DR0 == 0
DR1 == 0
DR2 == 0
DR3 == 0
DR6 == 4294905840L
DR7 == 1024
CCD >= 0
CC0 == 0
EFER == 0
EFL_2 one of { 0, 1 }
EFL_4 one of { 0, 1 }
EFL_6 one of { 0, 1 }
EFL_9 one of { 0, 1 }
ADDR < EIP
EAX != ECX
EAX != EDX
EBX != EDX
ECX != EDX
II <= A20
II >= SMM
II <= EFL_2
II <= EFL_9
A20 >= EFL_2
A20 >= EFL_4
A20 >= EFL_6
A20 >= EFL_9
SMM <= EFL_2
SMM <= EFL_4
SMM <= EFL_6
SMM <= EFL_9
ES > CS
ES > SS
ES > FS
ES < GS
ES > LDT
ES < TR
CS < SS
CS > FS
CS < GS
CS > LDT
CS < TR
SS > FS
SS < GS
SS > LDT
SS < TR
FS < GS
FS < LDT
FS < TR
GS > LDT
GS > TR
LDT < TR
GDT > IDT
EFL_2 >= EFL_6
EFL_2 >= EFL_9
===========================================================================
..0xef():::EXIT
ADDR == orig(ADDR)
CPL == CS_DPL
CPL == SS_DPL
CPL == FS_DPL
CPL == GS_DPL
CPL == LDT_DPL
CPL == TR_DPL
CPL == orig(CPL)
CPL == orig(CS_DPL)
CPL == orig(SS_DPL)
CPL == orig(FS_DPL)
CPL == orig(GS_DPL)
CPL == orig(LDT_DPL)
CPL == orig(TR_DPL)
A20 == EFL_1
A20 == CR0_0
A20 == CR0_1
A20 == CR0_3
A20 == CR0_5
A20 == CR0_18
A20 == CR4_6
A20 == CR4_9
A20 == D_EFL_1
A20 == D_EFL_8
A20 == D_EFL_11
A20 == D_EFL_13
A20 == D_CR0_0
A20 == D_CR0_1
A20 == D_CR0_2
A20 == D_CR0_3
A20 == D_CR0_5
A20 == D_CR0_7
A20 == D_CR0_18
A20 == D_CR0_20
A20 == D_CR4_6
A20 == D_CR4_8
A20 == D_CR4_9
A20 == D_CR4_11
A20 == D_CR4_12
A20 == D_CPL
A20 == D_SMM
A20 == orig(A20)
A20 == orig(EFL_1)
A20 == orig(CR0_0)
A20 == orig(CR0_1)
A20 == orig(CR0_3)
A20 == orig(CR0_5)
A20 == orig(CR0_18)
A20 == orig(CR4_6)
A20 == orig(CR4_9)
A20 == orig(D_EFL_1)
A20 == orig(D_EFL_2)
A20 == orig(D_EFL_4)
A20 == orig(D_EFL_6)
A20 == orig(D_EFL_8)
A20 == orig(D_EFL_9)
A20 == orig(D_EFL_11)
A20 == orig(D_EFL_13)
A20 == orig(D_CR0_0)
A20 == orig(D_CR0_1)
A20 == orig(D_CR0_2)
A20 == orig(D_CR0_3)
A20 == orig(D_CR0_5)
A20 == orig(D_CR0_7)
A20 == orig(D_CR0_18)
A20 == orig(D_CR0_20)
A20 == orig(D_CR4_6)
A20 == orig(D_CR4_8)
A20 == orig(D_CR4_9)
A20 == orig(D_CR4_11)
A20 == orig(D_CR4_12)
A20 == orig(D_CPL)
A20 == orig(D_SMM)
SMM == HLT
SMM == EFL_8
SMM == EFL_11
SMM == EFL_13
SMM == CR0_2
SMM == CR0_7
SMM == CR0_20
SMM == CR4_8
SMM == CR4_11
SMM == CR4_12
SMM == orig(SMM)
SMM == orig(HLT)
SMM == orig(EFL_8)
SMM == orig(EFL_11)
SMM == orig(EFL_13)
SMM == orig(CR0_2)
SMM == orig(CR0_7)
SMM == orig(CR0_20)
SMM == orig(CR4_8)
SMM == orig(CR4_11)
SMM == orig(CR4_12)
ES == DS
ES == orig(ES)
ES == orig(DS)
CS == orig(CS)
SS == orig(SS)
FS == orig(FS)
GS == orig(GS)
LDT == orig(LDT)
TR == orig(TR)
ES_DPL == DS_DPL
ES_DPL == orig(ES_DPL)
ES_DPL == orig(DS_DPL)
GDT == orig(GDT)
IDT == orig(IDT)
CR0 == orig(CR0)
CR2 == orig(CR2)
CR3 == orig(CR3)
CR4 == orig(CR4)
DR0 == orig(DR0)
DR1 == orig(DR1)
DR2 == orig(DR2)
DR3 == orig(DR3)
DR6 == orig(DR6)
DR7 == orig(DR7)
CC0 == orig(CC0)
EFER == orig(EFER)
ADDR == -1
EAX >= 0
EBX >= 2
ECX >= 1
EDX >= 0
CPL == 0
II one of { 0, 1 }
A20 == 1
SMM == 0
ES == "007b00000000ffffffff00cff300"
CS == "006000000000ffffffff00cf9a00"
SS == "006800000000ffffffff00cf9300"
FS == "0000000000000000000000000000"
GS == "00d8c110a0000000000f00009300"
LDT == "0000000000000000000000008200"
TR == "0080c1100a800000207300008900"
ES_DPL == 3
GDT == "c1109000000000ff"
IDT == "c049f000000007ff"
CR0 == 2147811387L
CR2 == 135180296
CR3 == 131563520
CR4 == 1744
DR0 == 0
DR1 == 0
DR2 == 0
DR3 == 0
DR6 == 4294905840L
DR7 == 1024
CCS >= 0
CCD >= 0
CC0 == 0
EFER == 0
EFL_2 one of { 0, 1 }
EFL_4 one of { 0, 1 }
EFL_6 one of { 0, 1 }
EFL_9 one of { 0, 1 }
D_EFL_2 one of { 0, 1, 2 }
D_EFL_4 one of { 0, 1, 2 }
D_EFL_6 one of { 0, 1, 2 }
D_EFL_9 one of { 0, 1, 2 }
ADDR < EIP
ADDR < orig(EIP)
EAX != ECX
EAX != EDX
EAX != orig(ECX)
EBX != EDX
EBX != orig(EDX)
ECX != EDX
ECX != orig(EAX)
ECX != orig(EDX)
EDX != orig(EAX)
EDX != orig(EBX)
II <= A20
II >= SMM
II <= EFL_2
II <= EFL_9
II <= D_EFL_2
II <= D_EFL_4
II <= D_EFL_9
II <= orig(EFL_2)
A20 >= EFL_2
A20 >= EFL_4
A20 >= EFL_6
A20 >= EFL_9
A20 >= orig(II)
A20 >= orig(EFL_2)
A20 >= orig(EFL_4)
A20 >= orig(EFL_6)
A20 >= orig(EFL_9)
SMM <= EFL_2
SMM <= EFL_4
SMM <= EFL_6
SMM <= EFL_9
SMM <= D_EFL_2
SMM <= D_EFL_4
SMM <= D_EFL_6
SMM <= D_EFL_9
SMM <= orig(II)
SMM <= orig(EFL_2)
SMM <= orig(EFL_4)
SMM <= orig(EFL_6)
SMM <= orig(EFL_9)
ES > CS
ES > SS
ES > FS
ES < GS
ES > LDT
ES < TR
CS < SS
CS > FS
CS < GS
CS > LDT
CS < TR
SS > FS
SS < GS
SS > LDT
SS < TR
FS < GS
FS < LDT
FS < TR
GS > LDT
GS > TR
LDT < TR
GDT > IDT
EFL_2 >= EFL_6
EFL_2 >= EFL_9
EFL_2 <= D_EFL_2
EFL_2 >= orig(II)
EFL_2 >= orig(EFL_9)
EFL_4 <= D_EFL_4
EFL_4 <= D_EFL_9
EFL_6 <= D_EFL_2
EFL_6 <= D_EFL_6
EFL_9 <= D_EFL_2
EFL_9 <= D_EFL_9
EFL_9 >= orig(II)
D_EFL_2 >= orig(II)
D_EFL_2 >= orig(EFL_4)
D_EFL_2 >= orig(EFL_9)
D_EFL_4 >= orig(II)
D_EFL_4 >= orig(EFL_6)
D_EFL_6 >= orig(II)
D_EFL_6 >= orig(EFL_4)
D_EFL_6 >= orig(EFL_9)
D_EFL_9 >= orig(II)
D_EFL_9 >= orig(EFL_6)
===========================================================================
..0xef():::EXIT;condition="CR4_12==0"
===========================================================================
..0xef():::EXIT;condition="not(D_CR4_12==0)"
ADDR == orig(ADDR)
CPL == CS_DPL
CPL == SS_DPL
CPL == FS_DPL
CPL == GS_DPL
CPL == LDT_DPL
CPL == TR_DPL
CPL == orig(CPL)
CPL == orig(CS_DPL)
CPL == orig(SS_DPL)
CPL == orig(FS_DPL)
CPL == orig(GS_DPL)
CPL == orig(LDT_DPL)
CPL == orig(TR_DPL)
A20 == EFL_1
A20 == CR0_0
A20 == CR0_1
A20 == CR0_3
A20 == CR0_5
A20 == CR0_18
A20 == CR4_6
A20 == CR4_9
A20 == D_EFL_1
A20 == D_EFL_8
A20 == D_EFL_11
A20 == D_EFL_13
A20 == D_CR0_0
A20 == D_CR0_1
A20 == D_CR0_2
A20 == D_CR0_3
A20 == D_CR0_5
A20 == D_CR0_7
A20 == D_CR0_18
A20 == D_CR0_20
A20 == D_CR4_6
A20 == D_CR4_8
A20 == D_CR4_9
A20 == D_CR4_11
A20 == D_CR4_12
A20 == D_CPL
A20 == D_SMM
A20 == orig(A20)
A20 == orig(EFL_1)
A20 == orig(CR0_0)
A20 == orig(CR0_1)
A20 == orig(CR0_3)
A20 == orig(CR0_5)
A20 == orig(CR0_18)
A20 == orig(CR4_6)
A20 == orig(CR4_9)
A20 == orig(D_EFL_1)
A20 == orig(D_EFL_2)
A20 == orig(D_EFL_4)
A20 == orig(D_EFL_6)
A20 == orig(D_EFL_8)
A20 == orig(D_EFL_9)
A20 == orig(D_EFL_11)
A20 == orig(D_EFL_13)
A20 == orig(D_CR0_0)
A20 == orig(D_CR0_1)
A20 == orig(D_CR0_2)
A20 == orig(D_CR0_3)
A20 == orig(D_CR0_5)
A20 == orig(D_CR0_7)
A20 == orig(D_CR0_18)
A20 == orig(D_CR0_20)
A20 == orig(D_CR4_6)
A20 == orig(D_CR4_8)
A20 == orig(D_CR4_9)
A20 == orig(D_CR4_11)
A20 == orig(D_CR4_12)
A20 == orig(D_CPL)
A20 == orig(D_SMM)
SMM == HLT
SMM == EFL_8
SMM == EFL_11
SMM == EFL_13
SMM == CR0_2
SMM == CR0_7
SMM == CR0_20
SMM == CR4_8
SMM == CR4_11
SMM == CR4_12
SMM == orig(SMM)
SMM == orig(HLT)
SMM == orig(EFL_8)
SMM == orig(EFL_11)
SMM == orig(EFL_13)
SMM == orig(CR0_2)
SMM == orig(CR0_7)
SMM == orig(CR0_20)
SMM == orig(CR4_8)
SMM == orig(CR4_11)
SMM == orig(CR4_12)
ES == DS
ES == orig(ES)
ES == orig(DS)
CS == orig(CS)
SS == orig(SS)
FS == orig(FS)
GS == orig(GS)
LDT == orig(LDT)
TR == orig(TR)
ES_DPL == DS_DPL
ES_DPL == orig(ES_DPL)
ES_DPL == orig(DS_DPL)
GDT == orig(GDT)
IDT == orig(IDT)
CR0 == orig(CR0)
CR2 == orig(CR2)
CR3 == orig(CR3)
CR4 == orig(CR4)
DR0 == orig(DR0)
DR1 == orig(DR1)
DR2 == orig(DR2)
DR3 == orig(DR3)
DR6 == orig(DR6)
DR7 == orig(DR7)
CC0 == orig(CC0)
EFER == orig(EFER)
ADDR == -1
EAX >= 0
EBX >= 2
ECX >= 1
EDX >= 0
CPL == 0
II one of { 0, 1 }
A20 == 1
SMM == 0
ES == "007b00000000ffffffff00cff300"
CS == "006000000000ffffffff00cf9a00"
SS == "006800000000ffffffff00cf9300"
FS == "0000000000000000000000000000"
GS == "00d8c110a0000000000f00009300"
LDT == "0000000000000000000000008200"
TR == "0080c1100a800000207300008900"
ES_DPL == 3
GDT == "c1109000000000ff"
IDT == "c049f000000007ff"
CR0 == 2147811387L
CR2 == 135180296
CR3 == 131563520
CR4 == 1744
DR0 == 0
DR1 == 0
DR2 == 0
DR3 == 0
DR6 == 4294905840L
DR7 == 1024
CCS >= 0
CCD >= 0
CC0 == 0
EFER == 0
EFL_2 one of { 0, 1 }
EFL_4 one of { 0, 1 }
EFL_6 one of { 0, 1 }
EFL_9 one of { 0, 1 }
D_EFL_2 one of { 0, 1, 2 }
D_EFL_4 one of { 0, 1, 2 }
D_EFL_6 one of { 0, 1, 2 }
D_EFL_9 one of { 0, 1, 2 }
ADDR < EIP
ADDR < orig(EIP)
EAX != ECX
EAX != EDX
EAX != orig(ECX)
EBX != EDX
EBX != orig(EDX)
ECX != EDX
ECX != orig(EAX)
ECX != orig(EDX)
EDX != orig(EAX)
EDX != orig(EBX)
II <= A20
II >= SMM
II <= EFL_2
II <= EFL_9
II <= D_EFL_2
II <= D_EFL_4
II <= D_EFL_9
II <= orig(EFL_2)
A20 >= EFL_2
A20 >= EFL_4
A20 >= EFL_6
A20 >= EFL_9
A20 >= orig(II)
A20 >= orig(EFL_2)
A20 >= orig(EFL_4)
A20 >= orig(EFL_6)
A20 >= orig(EFL_9)
SMM <= EFL_2
SMM <= EFL_4
SMM <= EFL_6
SMM <= EFL_9
SMM <= D_EFL_2
SMM <= D_EFL_4
SMM <= D_EFL_6
SMM <= D_EFL_9
SMM <= orig(II)
SMM <= orig(EFL_2)
SMM <= orig(EFL_4)
SMM <= orig(EFL_6)
SMM <= orig(EFL_9)
ES > CS
ES > SS
ES > FS
ES < GS
ES > LDT
ES < TR
CS < SS
CS > FS
CS < GS
CS > LDT
CS < TR
SS > FS
SS < GS
SS > LDT
SS < TR
FS < GS
FS < LDT
FS < TR
GS > LDT
GS > TR
LDT < TR
GDT > IDT
EFL_2 >= EFL_6
EFL_2 >= EFL_9
EFL_2 <= D_EFL_2
EFL_2 >= orig(II)
EFL_2 >= orig(EFL_9)
EFL_4 <= D_EFL_4
EFL_4 <= D_EFL_9
EFL_6 <= D_EFL_2
EFL_6 <= D_EFL_6
EFL_9 <= D_EFL_2
EFL_9 <= D_EFL_9
EFL_9 >= orig(II)
D_EFL_2 >= orig(II)
D_EFL_2 >= orig(EFL_4)
D_EFL_2 >= orig(EFL_9)
D_EFL_4 >= orig(II)
D_EFL_4 >= orig(EFL_6)
D_EFL_6 >= orig(II)
D_EFL_6 >= orig(EFL_4)
D_EFL_6 >= orig(EFL_9)
D_EFL_9 >= orig(II)
D_EFL_9 >= orig(EFL_6)
===========================================================================
..new0x31():::ENTER
CPL == CS_DPL
CPL == SS_DPL
CPL == FS_DPL
CPL == GS_DPL
CPL == LDT_DPL
CPL == TR_DPL
A20 == EFL_1
A20 == CR0_0
A20 == CR0_1
A20 == CR0_3
A20 == CR0_5
A20 == CR0_18
A20 == CR4_6
A20 == CR4_9
A20 == D_CPL
A20 == D_SMM
SMM == HLT
SMM == EFL_8
SMM == EFL_11
SMM == EFL_13
SMM == CR0_2
SMM == CR0_7
SMM == CR0_20
SMM == CR4_8
SMM == CR4_11
SMM == CR4_12
ES == DS
ES_DPL == DS_DPL
EFL_2 == EFL_9
D_EFL_1 == D_EFL_2
D_EFL_1 == D_EFL_4
D_EFL_1 == D_EFL_6
D_EFL_1 == D_EFL_8
D_EFL_1 == D_EFL_9
D_EFL_1 == D_EFL_11
D_EFL_1 == D_EFL_13
D_EFL_1 == D_CR0_0
D_EFL_1 == D_CR0_1
D_EFL_1 == D_CR0_2
D_EFL_1 == D_CR0_3
D_EFL_1 == D_CR0_5
D_EFL_1 == D_CR0_7
D_EFL_1 == D_CR0_18
D_EFL_1 == D_CR0_20
D_EFL_1 == D_CR4_6
D_EFL_1 == D_CR4_8
D_EFL_1 == D_CR4_9
D_EFL_1 == D_CR4_11
D_EFL_1 == D_CR4_12
ADDR == -1
EAX >= 0
EDX >= 0
CPL == 0
II one of { 0, 1 }
A20 one of { 0, 1 }
SMM == 0
ES one of { "0", "007b00000000ffffffff00cff300" }
CS one of { "0", "006000000000ffffffff00cf9a00" }
SS one of { "0", "006800000000ffffffff00cf9300" }
FS one of { "0", "0000000000000000000000000000" }
GS one of { "0", "00d8c110a0000000000f00009300" }
LDT one of { "0", "0000000000000000000000008200" }
TR one of { "0", "0080c1100a800000207300008900" }
ES_DPL one of { 0, 3 }
GDT one of { "0", "c1109000000000ff" }
IDT one of { "0", "c049f000000007ff" }
CR0 one of { 0, 2147811387L }
CR2 one of { 0, 135180296 }
CR3 one of { 0, 131563520 }
CR4 one of { 0, 1744 }
DR0 == 0
DR1 == 0
DR2 == 0
DR3 == 0
DR6 one of { 0, 4294905840L }
DR7 one of { 0, 1024 }
CCS >= 0
CCD >= 0
CC0 == 0
EFER == 0
EFL_2 one of { 0, 1 }
EFL_4 one of { 0, 1 }
EFL_6 one of { 0, 1 }
D_EFL_1 == 1
ADDR < EIP
CPL <= ES_DPL
II <= A20
II >= SMM
II <= EFL_2
II <= D_EFL_1
A20 >= SMM
A20 >= EFL_2
A20 >= EFL_4
A20 >= EFL_6
A20 <= D_EFL_1
SMM <= EFL_2
SMM <= EFL_4
SMM <= EFL_6
ES >= CS
ES >= SS
ES >= FS
ES <= GS
ES >= LDT
ES <= TR
CS <= SS
CS >= FS
CS <= GS
CS >= LDT
CS <= TR
SS >= FS
SS <= GS
SS >= LDT
SS <= TR
FS <= GS
FS <= LDT
FS <= TR
GS >= LDT
GS >= TR
LDT <= TR
GDT >= IDT
EFL_2 >= EFL_6
EFL_2 <= D_EFL_1
EFL_4 <= D_EFL_1
EFL_6 <= D_EFL_1
===========================================================================
..new0x31():::ENTER;condition="CR4_12==0"
===========================================================================
..new0x31():::ENTER;condition="not(D_CR4_12==0)"
CPL == CS_DPL
CPL == SS_DPL
CPL == FS_DPL
CPL == GS_DPL
CPL == LDT_DPL
CPL == TR_DPL
A20 == EFL_1
A20 == CR0_0
A20 == CR0_1
A20 == CR0_3
A20 == CR0_5
A20 == CR0_18
A20 == CR4_6
A20 == CR4_9
A20 == D_CPL
A20 == D_SMM
SMM == HLT
SMM == EFL_8
SMM == EFL_11
SMM == EFL_13
SMM == CR0_2
SMM == CR0_7
SMM == CR0_20
SMM == CR4_8
SMM == CR4_11
SMM == CR4_12
ES == DS
ES_DPL == DS_DPL
EFL_2 == EFL_9
D_EFL_1 == D_EFL_2
D_EFL_1 == D_EFL_4
D_EFL_1 == D_EFL_6
D_EFL_1 == D_EFL_8
D_EFL_1 == D_EFL_9
D_EFL_1 == D_EFL_11
D_EFL_1 == D_EFL_13
D_EFL_1 == D_CR0_0
D_EFL_1 == D_CR0_1
D_EFL_1 == D_CR0_2
D_EFL_1 == D_CR0_3
D_EFL_1 == D_CR0_5
D_EFL_1 == D_CR0_7
D_EFL_1 == D_CR0_18
D_EFL_1 == D_CR0_20
D_EFL_1 == D_CR4_6
D_EFL_1 == D_CR4_8
D_EFL_1 == D_CR4_9
D_EFL_1 == D_CR4_11
D_EFL_1 == D_CR4_12
ADDR == -1
EAX >= 0
EDX >= 0
CPL == 0
II one of { 0, 1 }
A20 one of { 0, 1 }
SMM == 0
ES one of { "0", "007b00000000ffffffff00cff300" }
CS one of { "0", "006000000000ffffffff00cf9a00" }
SS one of { "0", "006800000000ffffffff00cf9300" }
FS one of { "0", "0000000000000000000000000000" }
GS one of { "0", "00d8c110a0000000000f00009300" }
LDT one of { "0", "0000000000000000000000008200" }
TR one of { "0", "0080c1100a800000207300008900" }
ES_DPL one of { 0, 3 }
GDT one of { "0", "c1109000000000ff" }
IDT one of { "0", "c049f000000007ff" }
CR0 one of { 0, 2147811387L }
CR2 one of { 0, 135180296 }
CR3 one of { 0, 131563520 }
CR4 one of { 0, 1744 }
DR0 == 0
DR1 == 0
DR2 == 0
DR3 == 0
DR6 one of { 0, 4294905840L }
DR7 one of { 0, 1024 }
CCS >= 0
CCD >= 0
CC0 == 0
EFER == 0
EFL_2 one of { 0, 1 }
EFL_4 one of { 0, 1 }
EFL_6 one of { 0, 1 }
D_EFL_1 == 1
ADDR < EIP
CPL <= ES_DPL
II <= A20
II >= SMM
II <= EFL_2
II <= D_EFL_1
A20 >= SMM
A20 >= EFL_2
A20 >= EFL_4
A20 >= EFL_6
A20 <= D_EFL_1
SMM <= EFL_2
SMM <= EFL_4
SMM <= EFL_6
ES >= CS
ES >= SS
ES >= FS
ES <= GS
ES >= LDT
ES <= TR
CS <= SS
CS >= FS
CS <= GS
CS >= LDT
CS <= TR
SS >= FS
SS <= GS
SS >= LDT
SS <= TR
FS <= GS
FS <= LDT
FS <= TR
GS >= LDT
GS >= TR
LDT <= TR
GDT >= IDT
EFL_2 >= EFL_6
EFL_2 <= D_EFL_1
EFL_4 <= D_EFL_1
EFL_6 <= D_EFL_1
===========================================================================
..new0x31():::EXIT
ADDR == orig(ADDR)
EAX == orig(EAX)
CPL == CS_DPL
CPL == SS_DPL
CPL == FS_DPL
CPL == GS_DPL
CPL == LDT_DPL
CPL == TR_DPL
CPL == orig(CPL)
CPL == orig(CS_DPL)
CPL == orig(SS_DPL)
CPL == orig(FS_DPL)
CPL == orig(GS_DPL)
CPL == orig(LDT_DPL)
CPL == orig(TR_DPL)
II == SMM
II == HLT
II == EFL_8
II == EFL_9
II == EFL_11
II == EFL_13
II == CR0_2
II == CR0_7
II == CR0_20
II == CR4_8
II == CR4_11
II == CR4_12
II == orig(SMM)
II == orig(HLT)
II == orig(EFL_8)
II == orig(EFL_11)
II == orig(EFL_13)
II == orig(CR0_2)
II == orig(CR0_7)
II == orig(CR0_20)
II == orig(CR4_8)
II == orig(CR4_11)
II == orig(CR4_12)
A20 == EFL_1
A20 == EFL_2
A20 == CR0_0
A20 == CR0_1
A20 == CR0_3
A20 == CR0_5
A20 == CR0_18
A20 == CR4_6
A20 == CR4_9
A20 == D_EFL_8
A20 == D_EFL_11
A20 == D_EFL_13
A20 == D_CR0_2
A20 == D_CR0_7
A20 == D_CR0_20
A20 == D_CR4_8
A20 == D_CR4_11
A20 == D_CR4_12
A20 == D_CPL
A20 == D_SMM
A20 == orig(D_EFL_1)
A20 == orig(D_EFL_2)
A20 == orig(D_EFL_4)
A20 == orig(D_EFL_6)
A20 == orig(D_EFL_8)
A20 == orig(D_EFL_9)
A20 == orig(D_EFL_11)
A20 == orig(D_EFL_13)
A20 == orig(D_CR0_0)
A20 == orig(D_CR0_1)
A20 == orig(D_CR0_2)
A20 == orig(D_CR0_3)
A20 == orig(D_CR0_5)
A20 == orig(D_CR0_7)
A20 == orig(D_CR0_18)
A20 == orig(D_CR0_20)
A20 == orig(D_CR4_6)
A20 == orig(D_CR4_8)
A20 == orig(D_CR4_9)
A20 == orig(D_CR4_11)
A20 == orig(D_CR4_12)
ES == DS
ES_DPL == DS_DPL
DR0 == orig(DR0)
DR1 == orig(DR1)
DR2 == orig(DR2)
DR3 == orig(DR3)
CC0 == orig(CC0)
EFER == orig(EFER)
D_EFL_1 == D_CR0_0
D_EFL_1 == D_CR0_1
D_EFL_1 == D_CR0_3
D_EFL_1 == D_CR0_5
D_EFL_1 == D_CR0_18
D_EFL_1 == D_CR4_6
D_EFL_1 == D_CR4_9
D_EFL_2 == D_EFL_6
ADDR == -1
EAX >= 0
EBX one of { 2, 3226132308L, 3226387328L }
EIP == 3222285972L
EFL one of { 70, 134, 151 }
CPL == 0
II == 0
A20 == 1
ES == "007b00000000ffffffff00cff300"
CS == "006000000000ffffffff00cf9a00"
SS == "006800000000ffffffff00cf9300"
FS == "0000000000000000000000000000"
GS == "00d8c110a0000000000f00009300"
LDT == "0000000000000000000000008200"
TR == "0080c1100a800000207300008900"
ES_DPL == 3
GDT == "c1109000000000ff"
IDT == "c049f000000007ff"
CR0 == 2147811387L
CR2 == 135180296
CR3 == 131563520
CR4 == 1744
DR0 == 0
DR1 == 0
DR2 == 0
DR3 == 0
DR6 == 4294905840L
DR7 == 1024
CCS one of { 68, 132, 149 }
CCD >= 0
CC0 == 0
EFER == 0
EFL_4 one of { 0, 1 }
EFL_6 one of { 0, 1 }
D_EFL_1 one of { 1, 2 }
D_EFL_2 one of { 1, 2 }
D_EFL_4 one of { 0, 1 }
D_EFL_9 one of { 0, 1 }
ADDR < orig(EIP)
EAX != EBX
EAX != ECX
EAX != EDX
EBX != EDX
EBX >= orig(EBX)
orig(EBX) % EBX == 0
EBX != orig(EDX)
ECX != EDX
ECX >= orig(ECX)
orig(ECX) % ECX == 0
ECX != orig(EDX)
EDX != orig(EBX)
EDX != orig(ECX)
EDX >= orig(EDX)
EIP != orig(EIP)
EFL != orig(EFL)
CPL <= orig(ES_DPL)
II <= EFL_4
II <= EFL_6
II < D_EFL_1
II < D_EFL_2
II <= D_EFL_4
II <= D_EFL_9
II <= orig(II)
II <= orig(A20)
II <= orig(EFL_2)
II <= orig(EFL_4)
II <= orig(EFL_6)
A20 >= EFL_4
A20 >= EFL_6
A20 <= D_EFL_1
A20 <= D_EFL_2
A20 >= D_EFL_4
A20 >= D_EFL_9
A20 >= orig(II)
A20 >= orig(A20)
A20 >= orig(EFL_2)
A20 >= orig(EFL_4)
A20 >= orig(EFL_6)
ES > CS
ES > SS
ES > FS
ES < GS
ES > LDT
ES < TR
ES >= orig(ES)
ES > orig(CS)
ES > orig(SS)
ES > orig(FS)
ES != orig(GS)
ES > orig(LDT)
ES != orig(TR)
CS < SS
CS > FS
CS < GS
CS > LDT
CS < TR
CS != orig(ES)
CS >= orig(CS)
CS != orig(SS)
CS > orig(FS)
CS != orig(GS)
CS > orig(LDT)
CS != orig(TR)
SS > FS
SS < GS
SS > LDT
SS < TR
SS != orig(ES)
SS > orig(CS)
SS >= orig(SS)
SS > orig(FS)
SS != orig(GS)
SS > orig(LDT)
SS != orig(TR)
FS < GS
FS < LDT
FS < TR
FS != orig(ES)
FS != orig(CS)
FS != orig(SS)
FS >= orig(FS)
FS != orig(GS)
FS != orig(LDT)
FS != orig(TR)
GS > LDT
GS > TR
GS > orig(ES)
GS > orig(CS)
GS > orig(SS)
GS > orig(FS)
GS >= orig(GS)
GS > orig(LDT)
GS > orig(TR)
LDT < TR
LDT != orig(ES)
LDT != orig(CS)
LDT != orig(SS)
LDT > orig(FS)
LDT != orig(GS)
LDT >= orig(LDT)
LDT != orig(TR)
TR > orig(ES)
TR > orig(CS)
TR > orig(SS)
TR > orig(FS)
TR != orig(GS)
TR > orig(LDT)
TR >= orig(TR)
ES_DPL >= orig(ES_DPL)
GDT > IDT
GDT >= orig(GDT)
GDT > orig(IDT)
IDT != orig(GDT)
IDT >= orig(IDT)
CR0 >= orig(CR0)
CR2 >= orig(CR2)
CR3 >= orig(CR3)
CR4 >= orig(CR4)
DR6 >= orig(DR6)
DR7 >= orig(DR7)
CCD <= orig(CCD)
EFL_4 <= D_EFL_1
EFL_4 <= D_EFL_2
EFL_4 <= D_EFL_4
EFL_4 <= orig(A20)
EFL_4 <= orig(EFL_2)
EFL_4 <= orig(EFL_4)
EFL_6 <= D_EFL_1
EFL_6 <= D_EFL_2
EFL_6 >= D_EFL_9
EFL_6 >= orig(EFL_6)
D_EFL_1 <= D_EFL_2
D_EFL_1 >= D_EFL_4
D_EFL_1 >= D_EFL_9
D_EFL_1 >= orig(II)
D_EFL_1 >= orig(A20)
D_EFL_1 >= orig(EFL_2)
D_EFL_1 >= orig(EFL_4)
D_EFL_1 >= orig(EFL_6)
D_EFL_2 >= D_EFL_4
D_EFL_2 > D_EFL_9
D_EFL_2 >= orig(II)
D_EFL_2 >= orig(A20)
D_EFL_2 >= orig(EFL_2)
D_EFL_2 >= orig(EFL_4)
D_EFL_2 >= orig(EFL_6)
D_EFL_4 >= orig(II)
D_EFL_4 >= orig(EFL_2)
D_EFL_4 >= orig(EFL_6)
D_EFL_9 != orig(EFL_2)
===========================================================================
..new0x31():::EXIT;condition="CR4_12==0"
===========================================================================
..new0x31():::EXIT;condition="not(D_CR4_12==0)"
ADDR == orig(ADDR)
EAX == orig(EAX)
CPL == CS_DPL
CPL == SS_DPL
CPL == FS_DPL
CPL == GS_DPL
CPL == LDT_DPL
CPL == TR_DPL
CPL == orig(CPL)
CPL == orig(CS_DPL)
CPL == orig(SS_DPL)
CPL == orig(FS_DPL)
CPL == orig(GS_DPL)
CPL == orig(LDT_DPL)
CPL == orig(TR_DPL)
II == SMM
II == HLT
II == EFL_8
II == EFL_9
II == EFL_11
II == EFL_13
II == CR0_2
II == CR0_7
II == CR0_20
II == CR4_8
II == CR4_11
II == CR4_12
II == orig(SMM)
II == orig(HLT)
II == orig(EFL_8)
II == orig(EFL_11)
II == orig(EFL_13)
II == orig(CR0_2)
II == orig(CR0_7)
II == orig(CR0_20)
II == orig(CR4_8)
II == orig(CR4_11)
II == orig(CR4_12)
A20 == EFL_1
A20 == EFL_2
A20 == CR0_0
A20 == CR0_1
A20 == CR0_3
A20 == CR0_5
A20 == CR0_18
A20 == CR4_6
A20 == CR4_9
A20 == D_EFL_8
A20 == D_EFL_11
A20 == D_EFL_13
A20 == D_CR0_2
A20 == D_CR0_7
A20 == D_CR0_20
A20 == D_CR4_8
A20 == D_CR4_11
A20 == D_CR4_12
A20 == D_CPL
A20 == D_SMM
A20 == orig(D_EFL_1)
A20 == orig(D_EFL_2)
A20 == orig(D_EFL_4)
A20 == orig(D_EFL_6)
A20 == orig(D_EFL_8)
A20 == orig(D_EFL_9)
A20 == orig(D_EFL_11)
A20 == orig(D_EFL_13)
A20 == orig(D_CR0_0)
A20 == orig(D_CR0_1)
A20 == orig(D_CR0_2)
A20 == orig(D_CR0_3)
A20 == orig(D_CR0_5)
A20 == orig(D_CR0_7)
A20 == orig(D_CR0_18)
A20 == orig(D_CR0_20)
A20 == orig(D_CR4_6)
A20 == orig(D_CR4_8)
A20 == orig(D_CR4_9)
A20 == orig(D_CR4_11)
A20 == orig(D_CR4_12)
ES == DS
ES_DPL == DS_DPL
DR0 == orig(DR0)
DR1 == orig(DR1)
DR2 == orig(DR2)
DR3 == orig(DR3)
CC0 == orig(CC0)
EFER == orig(EFER)
D_EFL_1 == D_CR0_0
D_EFL_1 == D_CR0_1
D_EFL_1 == D_CR0_3
D_EFL_1 == D_CR0_5
D_EFL_1 == D_CR0_18
D_EFL_1 == D_CR4_6
D_EFL_1 == D_CR4_9
D_EFL_2 == D_EFL_6
ADDR == -1
EAX >= 0
EBX one of { 2, 3226132308L, 3226387328L }
EIP == 3222285972L
EFL one of { 70, 134, 151 }
CPL == 0
II == 0
A20 == 1
ES == "007b00000000ffffffff00cff300"
CS == "006000000000ffffffff00cf9a00"
SS == "006800000000ffffffff00cf9300"
FS == "0000000000000000000000000000"
GS == "00d8c110a0000000000f00009300"
LDT == "0000000000000000000000008200"
TR == "0080c1100a800000207300008900"
ES_DPL == 3
GDT == "c1109000000000ff"
IDT == "c049f000000007ff"
CR0 == 2147811387L
CR2 == 135180296
CR3 == 131563520
CR4 == 1744
DR0 == 0
DR1 == 0
DR2 == 0
DR3 == 0
DR6 == 4294905840L
DR7 == 1024
CCS one of { 68, 132, 149 }
CCD >= 0
CC0 == 0
EFER == 0
EFL_4 one of { 0, 1 }
EFL_6 one of { 0, 1 }
D_EFL_1 one of { 1, 2 }
D_EFL_2 one of { 1, 2 }
D_EFL_4 one of { 0, 1 }
D_EFL_9 one of { 0, 1 }
ADDR < orig(EIP)
EAX != EBX
EAX != ECX
EAX != EDX
EBX != EDX
EBX >= orig(EBX)
orig(EBX) % EBX == 0
EBX != orig(EDX)
ECX != EDX
ECX >= orig(ECX)
orig(ECX) % ECX == 0
ECX != orig(EDX)
EDX != orig(EBX)
EDX != orig(ECX)
EDX >= orig(EDX)
EIP != orig(EIP)
EFL != orig(EFL)
CPL <= orig(ES_DPL)
II <= EFL_4
II <= EFL_6
II < D_EFL_1
II < D_EFL_2
II <= D_EFL_4
II <= D_EFL_9
II <= orig(II)
II <= orig(A20)
II <= orig(EFL_2)
II <= orig(EFL_4)
II <= orig(EFL_6)
A20 >= EFL_4
A20 >= EFL_6
A20 <= D_EFL_1
A20 <= D_EFL_2
A20 >= D_EFL_4
A20 >= D_EFL_9
A20 >= orig(II)
A20 >= orig(A20)
A20 >= orig(EFL_2)
A20 >= orig(EFL_4)
A20 >= orig(EFL_6)
ES > CS
ES > SS
ES > FS
ES < GS
ES > LDT
ES < TR
ES >= orig(ES)
ES > orig(CS)
ES > orig(SS)
ES > orig(FS)
ES != orig(GS)
ES > orig(LDT)
ES != orig(TR)
CS < SS
CS > FS
CS < GS
CS > LDT
CS < TR
CS != orig(ES)
CS >= orig(CS)
CS != orig(SS)
CS > orig(FS)
CS != orig(GS)
CS > orig(LDT)
CS != orig(TR)
SS > FS
SS < GS
SS > LDT
SS < TR
SS != orig(ES)
SS > orig(CS)
SS >= orig(SS)
SS > orig(FS)
SS != orig(GS)
SS > orig(LDT)
SS != orig(TR)
FS < GS
FS < LDT
FS < TR
FS != orig(ES)
FS != orig(CS)
FS != orig(SS)
FS >= orig(FS)
FS != orig(GS)
FS != orig(LDT)
FS != orig(TR)
GS > LDT
GS > TR
GS > orig(ES)
GS > orig(CS)
GS > orig(SS)
GS > orig(FS)
GS >= orig(GS)
GS > orig(LDT)
GS > orig(TR)
LDT < TR
LDT != orig(ES)
LDT != orig(CS)
LDT != orig(SS)
LDT > orig(FS)
LDT != orig(GS)
LDT >= orig(LDT)
LDT != orig(TR)
TR > orig(ES)
TR > orig(CS)
TR > orig(SS)
TR > orig(FS)
TR != orig(GS)
TR > orig(LDT)
TR >= orig(TR)
ES_DPL >= orig(ES_DPL)
GDT > IDT
GDT >= orig(GDT)
GDT > orig(IDT)
IDT != orig(GDT)
IDT >= orig(IDT)
CR0 >= orig(CR0)
CR2 >= orig(CR2)
CR3 >= orig(CR3)
CR4 >= orig(CR4)
DR6 >= orig(DR6)
DR7 >= orig(DR7)
CCD <= orig(CCD)
EFL_4 <= D_EFL_1
EFL_4 <= D_EFL_2
EFL_4 <= D_EFL_4
EFL_4 <= orig(A20)
EFL_4 <= orig(EFL_2)
EFL_4 <= orig(EFL_4)
EFL_6 <= D_EFL_1
EFL_6 <= D_EFL_2
EFL_6 >= D_EFL_9
EFL_6 >= orig(EFL_6)
D_EFL_1 <= D_EFL_2
D_EFL_1 >= D_EFL_4
D_EFL_1 >= D_EFL_9
D_EFL_1 >= orig(II)
D_EFL_1 >= orig(A20)
D_EFL_1 >= orig(EFL_2)
D_EFL_1 >= orig(EFL_4)
D_EFL_1 >= orig(EFL_6)
D_EFL_2 >= D_EFL_4
D_EFL_2 > D_EFL_9
D_EFL_2 >= orig(II)
D_EFL_2 >= orig(A20)
D_EFL_2 >= orig(EFL_2)
D_EFL_2 >= orig(EFL_4)
D_EFL_2 >= orig(EFL_6)
D_EFL_4 >= orig(II)
D_EFL_4 >= orig(EFL_2)
D_EFL_4 >= orig(EFL_6)
D_EFL_9 != orig(EFL_2)
===========================================================================
..new0xef():::ENTER
CPL == CS_DPL
CPL == SS_DPL
CPL == FS_DPL
CPL == GS_DPL
CPL == LDT_DPL
CPL == TR_DPL
II == A20
II == EFL_1
II == EFL_2
II == EFL_6
II == EFL_9
II == CR0_0
II == CR0_1
II == CR0_3
II == CR0_5
II == CR0_18
II == CR4_6
II == CR4_9
II == D_EFL_1
II == D_EFL_2
II == D_EFL_4
II == D_EFL_6
II == D_EFL_8
II == D_EFL_9
II == D_EFL_11
II == D_EFL_13
II == D_CR0_0
II == D_CR0_1
II == D_CR0_2
II == D_CR0_3
II == D_CR0_5
II == D_CR0_7
II == D_CR0_18
II == D_CR0_20
II == D_CR4_6
II == D_CR4_8
II == D_CR4_9
II == D_CR4_11
II == D_CR4_12
II == D_CPL
II == D_SMM
SMM == HLT
SMM == EFL_4
SMM == EFL_8
SMM == EFL_11
SMM == EFL_13
SMM == CR0_2
SMM == CR0_7
SMM == CR0_20
SMM == CR4_8
SMM == CR4_11
SMM == CR4_12
ES == DS
ES_DPL == DS_DPL
ADDR == -1
EAX == 0
EBX == 3226387328L
ECX == 3239062784L
EDX == 3222277386L
EIP == 3222351712L
EFL == 582
CPL == 0
II == 1
SMM == 0
ES == "007b00000000ffffffff00cff300"
CS == "006000000000ffffffff00cf9a00"
SS == "006800000000ffffffff00cf9300"
FS == "0000000000000000000000000000"
GS == "00d8c110a0000000000f00009300"
LDT == "0000000000000000000000008200"
TR == "0080c1100a800000207300008900"
ES_DPL == 3
GDT == "c1109000000000ff"
IDT == "c049f000000007ff"
CR0 == 2147811387L
CR2 == 135180296
CR3 == 131563520
CR4 == 1744
DR0 == 0
DR1 == 0
DR2 == 0
DR3 == 0
DR6 == 4294905840L
DR7 == 1024
CCS == 0
CCD == 0
CC0 == 0
EFER == 0
ES > CS
ES > SS
ES > FS
ES < GS
ES > LDT
ES < TR
CS < SS
CS > FS
CS < GS
CS > LDT
CS < TR
SS > FS
SS < GS
SS > LDT
SS < TR
FS < GS
FS < LDT
FS < TR
GS > LDT
GS > TR
LDT < TR
GDT > IDT
===========================================================================
..new0xef():::ENTER;condition="CR4_12==0"
===========================================================================
..new0xef():::ENTER;condition="not(D_CR4_12==0)"
CPL == CS_DPL
CPL == SS_DPL
CPL == FS_DPL
CPL == GS_DPL
CPL == LDT_DPL
CPL == TR_DPL
II == A20
II == EFL_1
II == EFL_2
II == EFL_6
II == EFL_9
II == CR0_0
II == CR0_1
II == CR0_3
II == CR0_5
II == CR0_18
II == CR4_6
II == CR4_9
II == D_EFL_1
II == D_EFL_2
II == D_EFL_4
II == D_EFL_6
II == D_EFL_8
II == D_EFL_9
II == D_EFL_11
II == D_EFL_13
II == D_CR0_0
II == D_CR0_1
II == D_CR0_2
II == D_CR0_3
II == D_CR0_5
II == D_CR0_7
II == D_CR0_18
II == D_CR0_20
II == D_CR4_6
II == D_CR4_8
II == D_CR4_9
II == D_CR4_11
II == D_CR4_12
II == D_CPL
II == D_SMM
SMM == HLT
SMM == EFL_4
SMM == EFL_8
SMM == EFL_11
SMM == EFL_13
SMM == CR0_2
SMM == CR0_7
SMM == CR0_20
SMM == CR4_8
SMM == CR4_11
SMM == CR4_12
ES == DS
ES_DPL == DS_DPL
ADDR == -1
EAX == 0
EBX == 3226387328L
ECX == 3239062784L
EDX == 3222277386L
EIP == 3222351712L
EFL == 582
CPL == 0
II == 1
SMM == 0
ES == "007b00000000ffffffff00cff300"
CS == "006000000000ffffffff00cf9a00"
SS == "006800000000ffffffff00cf9300"
FS == "0000000000000000000000000000"
GS == "00d8c110a0000000000f00009300"
LDT == "0000000000000000000000008200"
TR == "0080c1100a800000207300008900"
ES_DPL == 3
GDT == "c1109000000000ff"
IDT == "c049f000000007ff"
CR0 == 2147811387L
CR2 == 135180296
CR3 == 131563520
CR4 == 1744
DR0 == 0
DR1 == 0
DR2 == 0
DR3 == 0
DR6 == 4294905840L
DR7 == 1024
CCS == 0
CCD == 0
CC0 == 0
EFER == 0
ES > CS
ES > SS
ES > FS
ES < GS
ES > LDT
ES < TR
CS < SS
CS > FS
CS < GS
CS > LDT
CS < TR
SS > FS
SS < GS
SS > LDT
SS < TR
FS < GS
FS < LDT
FS < TR
GS > LDT
GS > TR
LDT < TR
GDT > IDT
===========================================================================
..new0xef():::EXIT
ADDR == orig(ADDR)
EAX == orig(EAX)
EBX == orig(EBX)
ECX == orig(ECX)
EDX == orig(EDX)
CPL == CS_DPL
CPL == SS_DPL
CPL == FS_DPL
CPL == GS_DPL
CPL == LDT_DPL
CPL == TR_DPL
CPL == orig(CPL)
CPL == orig(CS_DPL)
CPL == orig(SS_DPL)
CPL == orig(FS_DPL)
CPL == orig(GS_DPL)
CPL == orig(LDT_DPL)
CPL == orig(TR_DPL)
II == SMM
II == HLT
II == EFL_4
II == EFL_8
II == EFL_9
II == EFL_11
II == EFL_13
II == CR0_2
II == CR0_7
II == CR0_20
II == CR4_8
II == CR4_11
II == CR4_12
II == D_EFL_9
II == orig(SMM)
II == orig(HLT)
II == orig(EFL_4)
II == orig(EFL_8)
II == orig(EFL_11)
II == orig(EFL_13)
II == orig(CR0_2)
II == orig(CR0_7)
II == orig(CR0_20)
II == orig(CR4_8)
II == orig(CR4_11)
II == orig(CR4_12)
A20 == EFL_1
A20 == EFL_2
A20 == EFL_6
A20 == CR0_0
A20 == CR0_1
A20 == CR0_3
A20 == CR0_5
A20 == CR0_18
A20 == CR4_6
A20 == CR4_9
A20 == D_EFL_1
A20 == D_EFL_2
A20 == D_EFL_4
A20 == D_EFL_6
A20 == D_EFL_8
A20 == D_EFL_11
A20 == D_EFL_13
A20 == D_CR0_0
A20 == D_CR0_1
A20 == D_CR0_2
A20 == D_CR0_3
A20 == D_CR0_5
A20 == D_CR0_7
A20 == D_CR0_18
A20 == D_CR0_20
A20 == D_CR4_6
A20 == D_CR4_8
A20 == D_CR4_9
A20 == D_CR4_11
A20 == D_CR4_12
A20 == D_CPL
A20 == D_SMM
A20 == orig(II)
A20 == orig(A20)
A20 == orig(EFL_1)
A20 == orig(EFL_2)
A20 == orig(EFL_6)
A20 == orig(EFL_9)
A20 == orig(CR0_0)
A20 == orig(CR0_1)
A20 == orig(CR0_3)
A20 == orig(CR0_5)
A20 == orig(CR0_18)
A20 == orig(CR4_6)
A20 == orig(CR4_9)
A20 == orig(D_EFL_1)
A20 == orig(D_EFL_2)
A20 == orig(D_EFL_4)
A20 == orig(D_EFL_6)
A20 == orig(D_EFL_8)
A20 == orig(D_EFL_9)
A20 == orig(D_EFL_11)
A20 == orig(D_EFL_13)
A20 == orig(D_CR0_0)
A20 == orig(D_CR0_1)
A20 == orig(D_CR0_2)
A20 == orig(D_CR0_3)
A20 == orig(D_CR0_5)
A20 == orig(D_CR0_7)
A20 == orig(D_CR0_18)
A20 == orig(D_CR0_20)
A20 == orig(D_CR4_6)
A20 == orig(D_CR4_8)
A20 == orig(D_CR4_9)
A20 == orig(D_CR4_11)
A20 == orig(D_CR4_12)
A20 == orig(D_CPL)
A20 == orig(D_SMM)
ES == DS
ES == orig(ES)
ES == orig(DS)
CS == orig(CS)
SS == orig(SS)
FS == orig(FS)
GS == orig(GS)
LDT == orig(LDT)
TR == orig(TR)
ES_DPL == DS_DPL
ES_DPL == orig(ES_DPL)
ES_DPL == orig(DS_DPL)
GDT == orig(GDT)
IDT == orig(IDT)
CR0 == orig(CR0)
CR2 == orig(CR2)
CR3 == orig(CR3)
CR4 == orig(CR4)
DR0 == orig(DR0)
DR1 == orig(DR1)
DR2 == orig(DR2)
DR3 == orig(DR3)
DR6 == orig(DR6)
DR7 == orig(DR7)
CCD == orig(CCD)
CC0 == orig(CC0)
EFER == orig(EFER)
ADDR == -1
EAX == 0
EBX == 3226387328L
ECX == 3239062784L
EDX == 3222277386L
EIP == 3222288268L
EFL == 70
CPL == 0
II == 0
A20 == 1
ES == "007b00000000ffffffff00cff300"
CS == "006000000000ffffffff00cf9a00"
SS == "006800000000ffffffff00cf9300"
FS == "0000000000000000000000000000"
GS == "00d8c110a0000000000f00009300"
LDT == "0000000000000000000000008200"
TR == "0080c1100a800000207300008900"
ES_DPL == 3
GDT == "c1109000000000ff"
IDT == "c049f000000007ff"
CR0 == 2147811387L
CR2 == 135180296
CR3 == 131563520
CR4 == 1744
DR0 == 0
DR1 == 0
DR2 == 0
DR3 == 0
DR6 == 4294905840L
DR7 == 1024
CCS == 68
CCD == 0
CC0 == 0
EFER == 0
ES > CS
ES > SS
ES > FS
ES < GS
ES > LDT
ES < TR
CS < SS
CS > FS
CS < GS
CS > LDT
CS < TR
SS > FS
SS < GS
SS > LDT
SS < TR
FS < GS
FS < LDT
FS < TR
GS > LDT
GS > TR
LDT < TR
GDT > IDT
===========================================================================
..new0xef():::EXIT;condition="CR4_12==0"
===========================================================================
..new0xef():::EXIT;condition="not(D_CR4_12==0)"
ADDR == orig(ADDR)
EAX == orig(EAX)
EBX == orig(EBX)
ECX == orig(ECX)
EDX == orig(EDX)
CPL == CS_DPL
CPL == SS_DPL
CPL == FS_DPL
CPL == GS_DPL
CPL == LDT_DPL
CPL == TR_DPL
CPL == orig(CPL)
CPL == orig(CS_DPL)
CPL == orig(SS_DPL)
CPL == orig(FS_DPL)
CPL == orig(GS_DPL)
CPL == orig(LDT_DPL)
CPL == orig(TR_DPL)
II == SMM
II == HLT
II == EFL_4
II == EFL_8
II == EFL_9
II == EFL_11
II == EFL_13
II == CR0_2
II == CR0_7
II == CR0_20
II == CR4_8
II == CR4_11
II == CR4_12
II == D_EFL_9
II == orig(SMM)
II == orig(HLT)
II == orig(EFL_4)
II == orig(EFL_8)
II == orig(EFL_11)
II == orig(EFL_13)
II == orig(CR0_2)
II == orig(CR0_7)
II == orig(CR0_20)
II == orig(CR4_8)
II == orig(CR4_11)
II == orig(CR4_12)
A20 == EFL_1
A20 == EFL_2
A20 == EFL_6
A20 == CR0_0
A20 == CR0_1
A20 == CR0_3
A20 == CR0_5
A20 == CR0_18
A20 == CR4_6
A20 == CR4_9
A20 == D_EFL_1
A20 == D_EFL_2
A20 == D_EFL_4
A20 == D_EFL_6
A20 == D_EFL_8
A20 == D_EFL_11
A20 == D_EFL_13
A20 == D_CR0_0
A20 == D_CR0_1
A20 == D_CR0_2
A20 == D_CR0_3
A20 == D_CR0_5
A20 == D_CR0_7
A20 == D_CR0_18
A20 == D_CR0_20
A20 == D_CR4_6
A20 == D_CR4_8
A20 == D_CR4_9
A20 == D_CR4_11
A20 == D_CR4_12
A20 == D_CPL
A20 == D_SMM
A20 == orig(II)
A20 == orig(A20)
A20 == orig(EFL_1)
A20 == orig(EFL_2)
A20 == orig(EFL_6)
A20 == orig(EFL_9)
A20 == orig(CR0_0)
A20 == orig(CR0_1)
A20 == orig(CR0_3)
A20 == orig(CR0_5)
A20 == orig(CR0_18)
A20 == orig(CR4_6)
A20 == orig(CR4_9)
A20 == orig(D_EFL_1)
A20 == orig(D_EFL_2)
A20 == orig(D_EFL_4)
A20 == orig(D_EFL_6)
A20 == orig(D_EFL_8)
A20 == orig(D_EFL_9)
A20 == orig(D_EFL_11)
A20 == orig(D_EFL_13)
A20 == orig(D_CR0_0)
A20 == orig(D_CR0_1)
A20 == orig(D_CR0_2)
A20 == orig(D_CR0_3)
A20 == orig(D_CR0_5)
A20 == orig(D_CR0_7)
A20 == orig(D_CR0_18)
A20 == orig(D_CR0_20)
A20 == orig(D_CR4_6)
A20 == orig(D_CR4_8)
A20 == orig(D_CR4_9)
A20 == orig(D_CR4_11)
A20 == orig(D_CR4_12)
A20 == orig(D_CPL)
A20 == orig(D_SMM)
ES == DS
ES == orig(ES)
ES == orig(DS)
CS == orig(CS)
SS == orig(SS)
FS == orig(FS)
GS == orig(GS)
LDT == orig(LDT)
TR == orig(TR)
ES_DPL == DS_DPL
ES_DPL == orig(ES_DPL)
ES_DPL == orig(DS_DPL)
GDT == orig(GDT)
IDT == orig(IDT)
CR0 == orig(CR0)
CR2 == orig(CR2)
CR3 == orig(CR3)
CR4 == orig(CR4)
DR0 == orig(DR0)
DR1 == orig(DR1)
DR2 == orig(DR2)
DR3 == orig(DR3)
DR6 == orig(DR6)
DR7 == orig(DR7)
CCD == orig(CCD)
CC0 == orig(CC0)
EFER == orig(EFER)
ADDR == -1
EAX == 0
EBX == 3226387328L
ECX == 3239062784L
EDX == 3222277386L
EIP == 3222288268L
EFL == 70
CPL == 0
II == 0
A20 == 1
ES == "007b00000000ffffffff00cff300"
CS == "006000000000ffffffff00cf9a00"
SS == "006800000000ffffffff00cf9300"
FS == "0000000000000000000000000000"
GS == "00d8c110a0000000000f00009300"
LDT == "0000000000000000000000008200"
TR == "0080c1100a800000207300008900"
ES_DPL == 3
GDT == "c1109000000000ff"
IDT == "c049f000000007ff"
CR0 == 2147811387L
CR2 == 135180296
CR3 == 131563520
CR4 == 1744
DR0 == 0
DR1 == 0
DR2 == 0
DR3 == 0
DR6 == 4294905840L
DR7 == 1024
CCS == 68
CCD == 0
CC0 == 0
EFER == 0
ES > CS
ES > SS
ES > FS
ES < GS
ES > LDT
ES < TR
CS < SS
CS > FS
CS < GS
CS > LDT
CS < TR
SS > FS
SS < GS
SS > LDT
SS < TR
FS < GS
FS < LDT
FS < TR
GS > LDT
GS > TR
LDT < TR
GDT > IDT
Exiting Daikon.
