Daikon version 5.7.2, released November 7, 2018; http://plse.cs.washington.edu/daikon.
Reading splitter info files (read 1 spinfo file, 331 splitters)
Reading declaration files ...decl: 1 of 1 splitters successful
..jns: 1 of 1 splitters successful
..jnp: 1 of 1 splitters successful
..rol: 1 of 1 splitters successful
..insw: 1 of 1 splitters successful
..cmpw: 1 of 1 splitters successful
..fucom: 1 of 1 splitters successful
..movb: 1 of 1 splitters successful
..mfence: 1 of 1 splitters successful
..decb: 1 of 1 splitters successful
..popl: 1 of 1 splitters successful
..fnstcw: 1 of 1 splitters successful
..cmpb: 1 of 1 splitters successful
..lesw: 1 of 1 splitters successful
..popw: 1 of 1 splitters successful
..fildll: 1 of 1 splitters successful
..negl: 1 of 1 splitters successful
..negb: 1 of 1 splitters successful
..movw: 1 of 1 splitters successful
..decw: 1 of 1 splitters successful
..cmpl: 1 of 1 splitters successful
..sahf: 1 of 1 splitters successful
..movq: 1 of 1 splitters successful
..cmovsl: 1 of 1 splitters successful
..shldl: 1 of 1 splitters successful
..pause: 1 of 1 splitters successful
..movntil: 1 of 1 splitters successful
..cli: 1 of 1 splitters successful
..cld: 1 of 1 splitters successful
..pushfl: 1 of 1 splitters successful
..popfl: 1 of 1 splitters successful
..subq: 1 of 1 splitters successful
..fld1: 1 of 1 splitters successful
..fld: 1 of 1 splitters successful
..clc: 1 of 1 splitters successful
..popfw: 1 of 1 splitters successful
..imull: 1 of 1 splitters successful
..fistpl: 1 of 1 splitters successful
..cmpxchgl: 1 of 1 splitters successful
..jae: 1 of 1 splitters successful
..ja: 1 of 1 splitters successful
..scasb: 1 of 1 splitters successful
..loope: 1 of 1 splitters successful
..loop: 1 of 1 splitters successful
..leaw: 1 of 1 splitters successful
..testq: 1 of 1 splitters successful
..std: 1 of 1 splitters successful
..82: 1 of 1 splitters successful
..negq: 1 of 1 splitters successful
..adcb: 1 of 1 splitters successful
...byte: 1 of 1 splitters successful
..testw: 1 of 1 splitters successful
..pushfw: 1 of 1 splitters successful
..adcl: 1 of 1 splitters successful
..new0x20: 1 of 1 splitters successful
..fdivl: 1 of 1 splitters successful
..sfence: 1 of 1 splitters successful
..adcw: 1 of 1 splitters successful
..fdivs: 1 of 1 splitters successful
..testb: 1 of 1 splitters successful
..0x31: 1 of 1 splitters successful
..cmovnsl: 1 of 1 splitters successful
..das: 1 of 1 splitters successful
..5e: 1 of 1 splitters successful
..repe: 1 of 1 splitters successful
..nop: 1 of 1 splitters successful
..testl: 1 of 1 splitters successful
..repne: 1 of 1 splitters successful
..fxrstor: 1 of 1 splitters successful
..new0xa1: 1 of 1 splitters successful
..jmpw: 1 of 1 splitters successful
..shrdl: 1 of 1 splitters successful
..stc: 1 of 1 splitters successful
..popq: 1 of 1 splitters successful
..jmpq: 1 of 1 splitters successful
..roll: 1 of 1 splitters successful
..leave: 1 of 1 splitters successful
..jmp_far: 1 of 1 splitters successful
..mulw: 1 of 1 splitters successful
..jmpl: 1 of 1 splitters successful
..2a: 1 of 1 splitters successful
..2b: 1 of 1 splitters successful
..swapgs: 1 of 1 splitters successful
..0x9d: 1 of 1 splitters successful
..pushq: 1 of 1 splitters successful
..new0x39: 1 of 1 splitters successful
..cmovel: 1 of 1 splitters successful
..iretl: 1 of 1 splitters successful
..btq: 1 of 1 splitters successful
..jne: 1 of 1 splitters successful
..pushw: 1 of 1 splitters successful
..new0x31: 1 of 1 splitters successful
..ldsw: 1 of 1 splitters successful
..hlt: 1 of 1 splitters successful
..frstor: 1 of 1 splitters successful
..new0x9d: 1 of 1 splitters successful
..pushaw: 1 of 1 splitters successful
..jle: 1 of 1 splitters successful
..jl: 1 of 1 splitters successful
..movsbl: 1 of 1 splitters successful
..movsb: 1 of 1 splitters successful
..pushal: 1 of 1 splitters successful
..wrmsr: 1 of 1 splitters successful
..iretw: 1 of 1 splitters successful
..btl: 1 of 1 splitters successful
..80: 1 of 1 splitters successful
..81: 1 of 1 splitters successful
..pushl: 1 of 1 splitters successful
..orq: 1 of 1 splitters successful
..cmovnel: 1 of 1 splitters successful
..addw: 1 of 1 splitters successful
..00: 1 of 1 splitters successful
..fxch: 1 of 1 splitters successful
..setle: 1 of 1 splitters successful
..lidtw: 1 of 1 splitters successful
..ljmpl: 1 of 1 splitters successful
..outw: 1 of 1 splitters successful
..72: 1 of 1 splitters successful
..jge: 1 of 1 splitters successful
..jg: 1 of 1 splitters successful
..leal: 1 of 1 splitters successful
..sysretq: 1 of 1 splitters successful
..new0x49: 1 of 1 splitters successful
..outb: 1 of 1 splitters successful
..leaq: 1 of 1 splitters successful
..addb: 1 of 1 splitters successful
..fistpll: 1 of 1 splitters successful
..3c: 1 of 1 splitters successful
..3a: 1 of 1 splitters successful
..addl: 1 of 1 splitters successful
..outl: 1 of 1 splitters successful
..ljmpw: 1 of 1 splitters successful
..lidtl: 1 of 1 splitters successful
..3d: 1 of 1 splitters successful
..06: 1 of 1 splitters successful
..syscall: 1 of 1 splitters successful
..mull: 1 of 1 splitters successful
..mulb: 1 of 1 splitters successful
..orw: 1 of 1 splitters successful
..cmovbq: 1 of 1 splitters successful
..lgdtw: 1 of 1 splitters successful
..lgdtq: 1 of 1 splitters successful
..js: 1 of 1 splitters successful
..orl: 1 of 1 splitters successful
..invlpg: 1 of 1 splitters successful
..cmovbl: 1 of 1 splitters successful
..je: 1 of 1 splitters successful
..adcq: 1 of 1 splitters successful
..orb: 1 of 1 splitters successful
..jb: 1 of 1 splitters successful
..wait: 1 of 1 splitters successful
..0x39: 1 of 1 splitters successful
..lgdtl: 1 of 1 splitters successful
..movsl: 1 of 1 splitters successful
..rorl: 1 of 1 splitters successful
..btrl: 1 of 1 splitters successful
..movswl: 1 of 1 splitters successful
..movsw: 1 of 1 splitters successful
..a0: 1 of 1 splitters successful
..stosb: 1 of 1 splitters successful
..rorb: 1 of 1 splitters successful
..fmull: 1 of 1 splitters successful
..sarb: 1 of 1 splitters successful
..stosw: 1 of 1 splitters successful
..jmp_near: 1 of 1 splitters successful
..imulw: 1 of 1 splitters successful
..0x20: 1 of 1 splitters successful
..0xa1: 1 of 1 splitters successful
..movzwl: 1 of 1 splitters successful
..0x69: 1 of 1 splitters successful
..subw: 1 of 1 splitters successful
..cmovgl: 1 of 1 splitters successful
..shrb: 1 of 1 splitters successful
..clts: 1 of 1 splitters successful
..movzbw: 1 of 1 splitters successful
..cc: 1 of 1 splitters successful
..shrl: 1 of 1 splitters successful
..new0x76: 1 of 1 splitters successful
..nopw: 1 of 1 splitters successful
..shrw: 1 of 1 splitters successful
..cltd: 1 of 1 splitters successful
..lldtw: 1 of 1 splitters successful
..cmovaq: 1 of 1 splitters successful
..subb: 1 of 1 splitters successful
..setge: 1 of 1 splitters successful
..setg: 1 of 1 splitters successful
..shrq: 1 of 1 splitters successful
..idivl: 1 of 1 splitters successful
..subl: 1 of 1 splitters successful
..retl: 1 of 1 splitters successful
..movzbl: 1 of 1 splitters successful
..cmovaeq: 1 of 1 splitters successful
..calll_far: 1 of 1 splitters successful
..andl: 1 of 1 splitters successful
..movslq: 1 of 1 splitters successful
..mulq: 1 of 1 splitters successful
..new0x89: 1 of 1 splitters successful
..movl: 1 of 1 splitters successful
..sarl: 1 of 1 splitters successful
..new0xef: 1 of 1 splitters successful
..setne: 1 of 1 splitters successful
..andb: 1 of 1 splitters successful
..1a: 1 of 1 splitters successful
..f8: 1 of 1 splitters successful
..retq: 1 of 1 splitters successful
..retw: 1 of 1 splitters successful
..nopl: 1 of 1 splitters successful
..iretq: 1 of 1 splitters successful
..cmovlel: 1 of 1 splitters successful
..andw: 1 of 1 splitters successful
..setns: 1 of 1 splitters successful
..new0x08: 1 of 1 splitters successful
..fucompp: 1 of 1 splitters successful
..fucomp: 1 of 1 splitters successful
..popal: 1 of 1 splitters successful
..rsm: 1 of 1 splitters successful
..01: 1 of 1 splitters successful
..xchgw: 1 of 1 splitters successful
..fnstsw: 1 of 1 splitters successful
..shlq: 1 of 1 splitters successful
..cwtl: 1 of 1 splitters successful
..xaddl: 1 of 1 splitters successful
..shlw: 1 of 1 splitters successful
..flds: 1 of 1 splitters successful
..9a: 1 of 1 splitters successful
..sbbl: 1 of 1 splitters successful
..xchgb: 1 of 1 splitters successful
..shll: 1 of 1 splitters successful
..lretl: 1 of 1 splitters successful
..movabsq: 1 of 1 splitters successful
..rdtsc: 1 of 1 splitters successful
..shlb: 1 of 1 splitters successful
..0x89: 1 of 1 splitters successful
..xchgl: 1 of 1 splitters successful
..lcallw: 1 of 1 splitters successful
..new0x0e: 1 of 1 splitters successful
..calll_near: 1 of 1 splitters successful
..new0x99: 1 of 1 splitters successful
..lfence: 1 of 1 splitters successful
..lodsw: 1 of 1 splitters successful
..lretw: 1 of 1 splitters successful
..andq: 1 of 1 splitters successful
..sti: 1 of 1 splitters successful
..fsubp: 1 of 1 splitters successful
..cmovll: 1 of 1 splitters successful
..lmsww: 1 of 1 splitters successful
..7f: 1 of 1 splitters successful
..0x76: 1 of 1 splitters successful
..setae: 1 of 1 splitters successful
..seta: 1 of 1 splitters successful
..fldz: 1 of 1 splitters successful
..bsrl: 1 of 1 splitters successful
..int: 1 of 1 splitters successful
..lock: 1 of 1 splitters successful
..cmovgel: 1 of 1 splitters successful
..inw: 1 of 1 splitters successful
..3f: 1 of 1 splitters successful
..fsetpm: 1 of 1 splitters successful
..inl: 1 of 1 splitters successful
..cmovael: 1 of 1 splitters successful
..fldl: 1 of 1 splitters successful
..cmpq: 1 of 1 splitters successful
..fninit: 1 of 1 splitters successful
..lidtq: 1 of 1 splitters successful
..0x49: 1 of 1 splitters successful
..cpuid: 1 of 1 splitters successful
..45: 1 of 1 splitters successful
..c0: 1 of 1 splitters successful
..20: 1 of 1 splitters successful
..inb: 1 of 1 splitters successful
..incq: 1 of 1 splitters successful
..bsfl: 1 of 1 splitters successful
..0x08: 1 of 1 splitters successful
..setb: 1 of 1 splitters successful
..setbe: 1 of 1 splitters successful
..incw: 1 of 1 splitters successful
..lssl: 1 of 1 splitters successful
..fldcw: 1 of 1 splitters successful
..sbbb: 1 of 1 splitters successful
..40: 1 of 1 splitters successful
..rdmsr: 1 of 1 splitters successful
..incb: 1 of 1 splitters successful
..0xef: 1 of 1 splitters successful
..cmoval: 1 of 1 splitters successful
..notl: 1 of 1 splitters successful
..cmoveq: 1 of 1 splitters successful
..incl: 1 of 1 splitters successful
..wbinvd: 1 of 1 splitters successful
..bsfq: 1 of 1 splitters successful
..addq: 1 of 1 splitters successful
..xorq: 1 of 1 splitters successful
..insb: 1 of 1 splitters successful
..divl: 1 of 1 splitters successful
..xorw: 1 of 1 splitters successful
..outsw: 1 of 1 splitters successful
..stosl: 1 of 1 splitters successful
..cmovneq: 1 of 1 splitters successful
..insl: 1 of 1 splitters successful
..divb: 1 of 1 splitters successful
..prefetchnta: 1 of 1 splitters successful
..a1: 1 of 1 splitters successful
..fstp: 1 of 1 splitters successful
..xorb: 1 of 1 splitters successful
..new0x69: 1 of 1 splitters successful
..ff: 1 of 1 splitters successful
..0x0e: 1 of 1 splitters successful
..divw: 1 of 1 splitters successful
..notq: 1 of 1 splitters successful
..bsrq: 1 of 1 splitters successful
..outsl: 1 of 1 splitters successful
..xorl: 1 of 1 splitters successful
..divq: 1 of 1 splitters successful
..cmovbel: 1 of 1 splitters successful
..popaw: 1 of 1 splitters successful
..sete: 1 of 1 splitters successful
..callw: 1 of 1 splitters successful
..sgdtl: 1 of 1 splitters successful
..callq: 1 of 1 splitters successful
..jecxz: 1 of 1 splitters successful
..cltq: 1 of 1 splitters successful
..btsl: 1 of 1 splitters successful
..fxsave: 1 of 1 splitters successful
..jbe: 1 of 1 splitters successful
..lodsb: 1 of 1 splitters successful
..0x99: 1 of 1 splitters successful
..sets: 1 of 1 splitters successful
..4f: 1 of 1 splitters successful
..bswapl: 1 of 1 splitters successful
..4c: 1 of 1 splitters successful
..lcalll: 1 of 1 splitters successful
..ltrw: 1 of 1 splitters successful
(read 1 decls file)
Processing trace data; reading 1 dtrace file:

No return from procedure observed 1 time.  Unmatched entries are ignored!
Unterminated calls:
  ..0x31() : 1 invocation
End of report for procedures not returned from.  Unmatched entries are ignored!

===========================================================================
..0x31():::ENTER
CPL == CS_DPL
CPL == SS_DPL
CPL == FS_DPL
CPL == GS_DPL
CPL == LDT_DPL
CPL == TR_DPL
A20 == EFL_1
A20 == CR0_0
A20 == CR0_1
A20 == CR0_3
A20 == CR0_5
A20 == CR0_18
A20 == CR4_6
A20 == CR4_9
A20 == D_EFL_1
A20 == D_EFL_2
A20 == D_EFL_4
A20 == D_EFL_6
A20 == D_EFL_8
A20 == D_EFL_9
A20 == D_EFL_11
A20 == D_EFL_13
A20 == D_CR0_0
A20 == D_CR0_1
A20 == D_CR0_2
A20 == D_CR0_3
A20 == D_CR0_5
A20 == D_CR0_7
A20 == D_CR0_18
A20 == D_CR0_20
A20 == D_CR4_6
A20 == D_CR4_8
A20 == D_CR4_9
A20 == D_CR4_11
A20 == D_CR4_12
A20 == D_CPL
A20 == D_SMM
SMM == HLT
SMM == EFL_8
SMM == EFL_11
SMM == EFL_13
SMM == CR0_2
SMM == CR0_7
SMM == CR0_20
SMM == CR4_8
SMM == CR4_11
SMM == CR4_12
ES == DS
ES_DPL == DS_DPL
ADDR == -1
EAX >= 0
EBX >= 2
ECX >= 0
EDX >= 0
CPL == 0
II one of { 0, 1 }
A20 == 1
SMM == 0
ES == "007b00000000ffffffff00cff300"
CS == "006000000000ffffffff00cf9a00"
SS == "006800000000ffffffff00cf9300"
FS == "0000000000000000000000000000"
GS == "00d8c110a0000000000f00009300"
LDT == "0000000000000000000000008200"
TR == "0080c1100a800000207300008900"
ES_DPL == 3
GDT == "c1109000000000ff"
IDT == "c049f000000007ff"
CR0 == 2147811387L
CR2 == 135180296
CR3 == 131563520
CR4 == 1744
DR0 == 0
DR1 == 0
DR2 == 0
DR3 == 0
DR6 == 4294905840L
DR7 == 1024
CCD >= 0
CC0 == 0
EFER == 0
EFL_2 one of { 0, 1 }
EFL_4 one of { 0, 1 }
EFL_6 one of { 0, 1 }
EFL_9 one of { 0, 1 }
ADDR < EIP
EAX != ECX
EBX != EDX
ECX != EDX
II <= A20
II >= SMM
II <= EFL_2
II <= EFL_4
II <= EFL_9
A20 >= EFL_2
A20 >= EFL_4
A20 >= EFL_6
A20 >= EFL_9
SMM <= EFL_2
SMM <= EFL_4
SMM <= EFL_6
SMM <= EFL_9
ES > CS
ES > SS
ES > FS
ES < GS
ES > LDT
ES < TR
CS < SS
CS > FS
CS < GS
CS > LDT
CS < TR
SS > FS
SS < GS
SS > LDT
SS < TR
FS < GS
FS < LDT
FS < TR
GS > LDT
GS > TR
LDT < TR
GDT > IDT
EFL_2 >= EFL_6
EFL_2 >= EFL_9
===========================================================================
..0x31():::EXIT
ADDR == orig(ADDR)
CPL == CS_DPL
CPL == SS_DPL
CPL == FS_DPL
CPL == GS_DPL
CPL == LDT_DPL
CPL == TR_DPL
CPL == orig(CPL)
CPL == orig(CS_DPL)
CPL == orig(SS_DPL)
CPL == orig(FS_DPL)
CPL == orig(GS_DPL)
CPL == orig(LDT_DPL)
CPL == orig(TR_DPL)
A20 == EFL_1
A20 == CR0_0
A20 == CR0_1
A20 == CR0_3
A20 == CR0_5
A20 == CR0_18
A20 == CR4_6
A20 == CR4_9
A20 == D_EFL_1
A20 == D_EFL_8
A20 == D_EFL_11
A20 == D_EFL_13
A20 == D_CR0_0
A20 == D_CR0_1
A20 == D_CR0_2
A20 == D_CR0_3
A20 == D_CR0_5
A20 == D_CR0_7
A20 == D_CR0_18
A20 == D_CR0_20
A20 == D_CR4_6
A20 == D_CR4_8
A20 == D_CR4_9
A20 == D_CR4_11
A20 == D_CR4_12
A20 == D_CPL
A20 == D_SMM
A20 == orig(A20)
A20 == orig(EFL_1)
A20 == orig(CR0_0)
A20 == orig(CR0_1)
A20 == orig(CR0_3)
A20 == orig(CR0_5)
A20 == orig(CR0_18)
A20 == orig(CR4_6)
A20 == orig(CR4_9)
A20 == orig(D_EFL_1)
A20 == orig(D_EFL_2)
A20 == orig(D_EFL_4)
A20 == orig(D_EFL_6)
A20 == orig(D_EFL_8)
A20 == orig(D_EFL_9)
A20 == orig(D_EFL_11)
A20 == orig(D_EFL_13)
A20 == orig(D_CR0_0)
A20 == orig(D_CR0_1)
A20 == orig(D_CR0_2)
A20 == orig(D_CR0_3)
A20 == orig(D_CR0_5)
A20 == orig(D_CR0_7)
A20 == orig(D_CR0_18)
A20 == orig(D_CR0_20)
A20 == orig(D_CR4_6)
A20 == orig(D_CR4_8)
A20 == orig(D_CR4_9)
A20 == orig(D_CR4_11)
A20 == orig(D_CR4_12)
A20 == orig(D_CPL)
A20 == orig(D_SMM)
SMM == HLT
SMM == EFL_8
SMM == EFL_11
SMM == EFL_13
SMM == CR0_2
SMM == CR0_7
SMM == CR0_20
SMM == CR4_8
SMM == CR4_11
SMM == CR4_12
SMM == orig(SMM)
SMM == orig(HLT)
SMM == orig(EFL_8)
SMM == orig(EFL_11)
SMM == orig(EFL_13)
SMM == orig(CR0_2)
SMM == orig(CR0_7)
SMM == orig(CR0_20)
SMM == orig(CR4_8)
SMM == orig(CR4_11)
SMM == orig(CR4_12)
ES == DS
ES == orig(ES)
ES == orig(DS)
CS == orig(CS)
SS == orig(SS)
FS == orig(FS)
GS == orig(GS)
LDT == orig(LDT)
TR == orig(TR)
ES_DPL == DS_DPL
ES_DPL == orig(ES_DPL)
ES_DPL == orig(DS_DPL)
GDT == orig(GDT)
IDT == orig(IDT)
CR0 == orig(CR0)
CR2 == orig(CR2)
CR3 == orig(CR3)
CR4 == orig(CR4)
DR0 == orig(DR0)
DR1 == orig(DR1)
DR2 == orig(DR2)
DR3 == orig(DR3)
DR6 == orig(DR6)
DR7 == orig(DR7)
CC0 == orig(CC0)
EFER == orig(EFER)
ADDR == -1
EAX >= 0
EBX >= 2
ECX >= 0
EDX >= 0
CPL == 0
II one of { 0, 1 }
A20 == 1
SMM == 0
ES == "007b00000000ffffffff00cff300"
CS == "006000000000ffffffff00cf9a00"
SS == "006800000000ffffffff00cf9300"
FS == "0000000000000000000000000000"
GS == "00d8c110a0000000000f00009300"
LDT == "0000000000000000000000008200"
TR == "0080c1100a800000207300008900"
ES_DPL == 3
GDT == "c1109000000000ff"
IDT == "c049f000000007ff"
CR0 == 2147811387L
CR2 == 135180296
CR3 == 131563520
CR4 == 1744
DR0 == 0
DR1 == 0
DR2 == 0
DR3 == 0
DR6 == 4294905840L
DR7 == 1024
CCS >= 0
CCD >= 0
CC0 == 0
EFER == 0
EFL_2 one of { 0, 1 }
EFL_4 one of { 0, 1 }
EFL_6 one of { 0, 1 }
EFL_9 one of { 0, 1 }
D_EFL_2 one of { 0, 1, 2 }
D_EFL_4 one of { 0, 1, 2 }
D_EFL_6 one of { 0, 1, 2 }
D_EFL_9 one of { 0, 1, 2 }
ADDR < EIP
ADDR < orig(EIP)
EAX != ECX
EAX != orig(EBX)
EAX != orig(EDX)
EBX != EDX
EBX != orig(EAX)
EBX != orig(EDX)
ECX != EDX
ECX != orig(EDX)
EDX != orig(EAX)
EDX != orig(EBX)
EIP != orig(EIP)
II <= A20
II >= SMM
II <= EFL_2
II <= EFL_9
II <= D_EFL_2
II <= D_EFL_4
II <= D_EFL_6
II <= D_EFL_9
II <= orig(EFL_2)
II <= orig(EFL_9)
A20 >= EFL_2
A20 >= EFL_4
A20 >= EFL_6
A20 >= EFL_9
A20 >= orig(II)
A20 >= orig(EFL_2)
A20 >= orig(EFL_4)
A20 >= orig(EFL_6)
A20 >= orig(EFL_9)
SMM <= EFL_2
SMM <= EFL_4
SMM <= EFL_6
SMM <= EFL_9
SMM <= D_EFL_2
SMM <= D_EFL_4
SMM <= D_EFL_6
SMM <= D_EFL_9
SMM <= orig(II)
SMM <= orig(EFL_2)
SMM <= orig(EFL_4)
SMM <= orig(EFL_6)
SMM <= orig(EFL_9)
ES > CS
ES > SS
ES > FS
ES < GS
ES > LDT
ES < TR
CS < SS
CS > FS
CS < GS
CS > LDT
CS < TR
SS > FS
SS < GS
SS > LDT
SS < TR
FS < GS
FS < LDT
FS < TR
GS > LDT
GS > TR
LDT < TR
GDT > IDT
EFL_2 >= EFL_6
EFL_2 >= EFL_9
EFL_2 <= D_EFL_2
EFL_2 <= D_EFL_6
EFL_2 >= orig(II)
EFL_2 >= orig(EFL_9)
EFL_4 <= D_EFL_4
EFL_4 <= D_EFL_9
EFL_4 >= orig(II)
EFL_6 <= D_EFL_2
EFL_6 <= D_EFL_6
EFL_9 <= D_EFL_2
EFL_9 <= D_EFL_6
EFL_9 <= D_EFL_9
EFL_9 >= orig(II)
D_EFL_2 >= orig(II)
D_EFL_2 >= orig(EFL_9)
D_EFL_4 >= orig(II)
D_EFL_4 >= orig(EFL_6)
D_EFL_6 >= orig(II)
D_EFL_6 >= orig(EFL_4)
D_EFL_6 >= orig(EFL_9)
D_EFL_9 >= orig(II)
D_EFL_9 >= orig(EFL_6)
===========================================================================
..0x31():::EXIT;condition="CS==orig(CS)"
===========================================================================
..0xef():::ENTER
CPL == CS_DPL
CPL == SS_DPL
CPL == FS_DPL
CPL == GS_DPL
CPL == LDT_DPL
CPL == TR_DPL
A20 == EFL_1
A20 == CR0_0
A20 == CR0_1
A20 == CR0_3
A20 == CR0_5
A20 == CR0_18
A20 == CR4_6
A20 == CR4_9
A20 == D_EFL_1
A20 == D_EFL_2
A20 == D_EFL_4
A20 == D_EFL_6
A20 == D_EFL_8
A20 == D_EFL_9
A20 == D_EFL_11
A20 == D_EFL_13
A20 == D_CR0_0
A20 == D_CR0_1
A20 == D_CR0_2
A20 == D_CR0_3
A20 == D_CR0_5
A20 == D_CR0_7
A20 == D_CR0_18
A20 == D_CR0_20
A20 == D_CR4_6
A20 == D_CR4_8
A20 == D_CR4_9
A20 == D_CR4_11
A20 == D_CR4_12
A20 == D_CPL
A20 == D_SMM
SMM == HLT
SMM == EFL_8
SMM == EFL_11
SMM == EFL_13
SMM == CR0_2
SMM == CR0_7
SMM == CR0_20
SMM == CR4_8
SMM == CR4_11
SMM == CR4_12
ES == DS
ES_DPL == DS_DPL
ADDR == -1
EAX >= 0
EBX >= 2
ECX >= 1
EDX >= 0
CPL == 0
II one of { 0, 1 }
A20 == 1
SMM == 0
ES == "007b00000000ffffffff00cff300"
CS == "006000000000ffffffff00cf9a00"
SS == "006800000000ffffffff00cf9300"
FS == "0000000000000000000000000000"
GS == "00d8c110a0000000000f00009300"
LDT == "0000000000000000000000008200"
TR == "0080c1100a800000207300008900"
ES_DPL == 3
GDT == "c1109000000000ff"
IDT == "c049f000000007ff"
CR0 == 2147811387L
CR2 == 135180296
CR3 == 131563520
CR4 == 1744
DR0 == 0
DR1 == 0
DR2 == 0
DR3 == 0
DR6 == 4294905840L
DR7 == 1024
CCD >= 0
CC0 == 0
EFER == 0
EFL_2 one of { 0, 1 }
EFL_4 one of { 0, 1 }
EFL_6 one of { 0, 1 }
EFL_9 one of { 0, 1 }
ADDR < EIP
EAX != ECX
EAX != EDX
EBX != EDX
ECX != EDX
II <= A20
II >= SMM
II <= EFL_2
II <= EFL_9
A20 >= EFL_2
A20 >= EFL_4
A20 >= EFL_6
A20 >= EFL_9
SMM <= EFL_2
SMM <= EFL_4
SMM <= EFL_6
SMM <= EFL_9
ES > CS
ES > SS
ES > FS
ES < GS
ES > LDT
ES < TR
CS < SS
CS > FS
CS < GS
CS > LDT
CS < TR
SS > FS
SS < GS
SS > LDT
SS < TR
FS < GS
FS < LDT
FS < TR
GS > LDT
GS > TR
LDT < TR
GDT > IDT
EFL_2 >= EFL_6
EFL_2 >= EFL_9
===========================================================================
..0xef():::EXIT
ADDR == orig(ADDR)
CPL == CS_DPL
CPL == SS_DPL
CPL == FS_DPL
CPL == GS_DPL
CPL == LDT_DPL
CPL == TR_DPL
CPL == orig(CPL)
CPL == orig(CS_DPL)
CPL == orig(SS_DPL)
CPL == orig(FS_DPL)
CPL == orig(GS_DPL)
CPL == orig(LDT_DPL)
CPL == orig(TR_DPL)
A20 == EFL_1
A20 == CR0_0
A20 == CR0_1
A20 == CR0_3
A20 == CR0_5
A20 == CR0_18
A20 == CR4_6
A20 == CR4_9
A20 == D_EFL_1
A20 == D_EFL_8
A20 == D_EFL_11
A20 == D_EFL_13
A20 == D_CR0_0
A20 == D_CR0_1
A20 == D_CR0_2
A20 == D_CR0_3
A20 == D_CR0_5
A20 == D_CR0_7
A20 == D_CR0_18
A20 == D_CR0_20
A20 == D_CR4_6
A20 == D_CR4_8
A20 == D_CR4_9
A20 == D_CR4_11
A20 == D_CR4_12
A20 == D_CPL
A20 == D_SMM
A20 == orig(A20)
A20 == orig(EFL_1)
A20 == orig(CR0_0)
A20 == orig(CR0_1)
A20 == orig(CR0_3)
A20 == orig(CR0_5)
A20 == orig(CR0_18)
A20 == orig(CR4_6)
A20 == orig(CR4_9)
A20 == orig(D_EFL_1)
A20 == orig(D_EFL_2)
A20 == orig(D_EFL_4)
A20 == orig(D_EFL_6)
A20 == orig(D_EFL_8)
A20 == orig(D_EFL_9)
A20 == orig(D_EFL_11)
A20 == orig(D_EFL_13)
A20 == orig(D_CR0_0)
A20 == orig(D_CR0_1)
A20 == orig(D_CR0_2)
A20 == orig(D_CR0_3)
A20 == orig(D_CR0_5)
A20 == orig(D_CR0_7)
A20 == orig(D_CR0_18)
A20 == orig(D_CR0_20)
A20 == orig(D_CR4_6)
A20 == orig(D_CR4_8)
A20 == orig(D_CR4_9)
A20 == orig(D_CR4_11)
A20 == orig(D_CR4_12)
A20 == orig(D_CPL)
A20 == orig(D_SMM)
SMM == HLT
SMM == EFL_8
SMM == EFL_11
SMM == EFL_13
SMM == CR0_2
SMM == CR0_7
SMM == CR0_20
SMM == CR4_8
SMM == CR4_11
SMM == CR4_12
SMM == orig(SMM)
SMM == orig(HLT)
SMM == orig(EFL_8)
SMM == orig(EFL_11)
SMM == orig(EFL_13)
SMM == orig(CR0_2)
SMM == orig(CR0_7)
SMM == orig(CR0_20)
SMM == orig(CR4_8)
SMM == orig(CR4_11)
SMM == orig(CR4_12)
ES == DS
ES == orig(ES)
ES == orig(DS)
CS == orig(CS)
SS == orig(SS)
FS == orig(FS)
GS == orig(GS)
LDT == orig(LDT)
TR == orig(TR)
ES_DPL == DS_DPL
ES_DPL == orig(ES_DPL)
ES_DPL == orig(DS_DPL)
GDT == orig(GDT)
IDT == orig(IDT)
CR0 == orig(CR0)
CR2 == orig(CR2)
CR3 == orig(CR3)
CR4 == orig(CR4)
DR0 == orig(DR0)
DR1 == orig(DR1)
DR2 == orig(DR2)
DR3 == orig(DR3)
DR6 == orig(DR6)
DR7 == orig(DR7)
CC0 == orig(CC0)
EFER == orig(EFER)
ADDR == -1
EAX >= 0
EBX >= 2
ECX >= 1
EDX >= 0
CPL == 0
II one of { 0, 1 }
A20 == 1
SMM == 0
ES == "007b00000000ffffffff00cff300"
CS == "006000000000ffffffff00cf9a00"
SS == "006800000000ffffffff00cf9300"
FS == "0000000000000000000000000000"
GS == "00d8c110a0000000000f00009300"
LDT == "0000000000000000000000008200"
TR == "0080c1100a800000207300008900"
ES_DPL == 3
GDT == "c1109000000000ff"
IDT == "c049f000000007ff"
CR0 == 2147811387L
CR2 == 135180296
CR3 == 131563520
CR4 == 1744
DR0 == 0
DR1 == 0
DR2 == 0
DR3 == 0
DR6 == 4294905840L
DR7 == 1024
CCS >= 0
CCD >= 0
CC0 == 0
EFER == 0
EFL_2 one of { 0, 1 }
EFL_4 one of { 0, 1 }
EFL_6 one of { 0, 1 }
EFL_9 one of { 0, 1 }
D_EFL_2 one of { 0, 1, 2 }
D_EFL_4 one of { 0, 1, 2 }
D_EFL_6 one of { 0, 1, 2 }
D_EFL_9 one of { 0, 1, 2 }
ADDR < EIP
ADDR < orig(EIP)
EAX != ECX
EAX != EDX
EAX != orig(ECX)
EBX != EDX
EBX != orig(EDX)
ECX != EDX
ECX != orig(EAX)
ECX != orig(EDX)
EDX != orig(EAX)
EDX != orig(EBX)
II <= A20
II >= SMM
II <= EFL_2
II <= EFL_9
II <= D_EFL_2
II <= D_EFL_4
II <= D_EFL_9
II <= orig(EFL_2)
A20 >= EFL_2
A20 >= EFL_4
A20 >= EFL_6
A20 >= EFL_9
A20 >= orig(II)
A20 >= orig(EFL_2)
A20 >= orig(EFL_4)
A20 >= orig(EFL_6)
A20 >= orig(EFL_9)
SMM <= EFL_2
SMM <= EFL_4
SMM <= EFL_6
SMM <= EFL_9
SMM <= D_EFL_2
SMM <= D_EFL_4
SMM <= D_EFL_6
SMM <= D_EFL_9
SMM <= orig(II)
SMM <= orig(EFL_2)
SMM <= orig(EFL_4)
SMM <= orig(EFL_6)
SMM <= orig(EFL_9)
ES > CS
ES > SS
ES > FS
ES < GS
ES > LDT
ES < TR
CS < SS
CS > FS
CS < GS
CS > LDT
CS < TR
SS > FS
SS < GS
SS > LDT
SS < TR
FS < GS
FS < LDT
FS < TR
GS > LDT
GS > TR
LDT < TR
GDT > IDT
EFL_2 >= EFL_6
EFL_2 >= EFL_9
EFL_2 <= D_EFL_2
EFL_2 >= orig(II)
EFL_2 >= orig(EFL_9)
EFL_4 <= D_EFL_4
EFL_4 <= D_EFL_9
EFL_6 <= D_EFL_2
EFL_6 <= D_EFL_6
EFL_9 <= D_EFL_2
EFL_9 <= D_EFL_9
EFL_9 >= orig(II)
D_EFL_2 >= orig(II)
D_EFL_2 >= orig(EFL_4)
D_EFL_2 >= orig(EFL_9)
D_EFL_4 >= orig(II)
D_EFL_4 >= orig(EFL_6)
D_EFL_6 >= orig(II)
D_EFL_6 >= orig(EFL_4)
D_EFL_6 >= orig(EFL_9)
D_EFL_9 >= orig(II)
D_EFL_9 >= orig(EFL_6)
===========================================================================
..0xef():::EXIT;condition="CS==orig(CS)"
===========================================================================
..new0x31():::ENTER
CPL == CS_DPL
CPL == SS_DPL
CPL == FS_DPL
CPL == GS_DPL
CPL == LDT_DPL
CPL == TR_DPL
A20 == EFL_1
A20 == CR0_0
A20 == CR0_1
A20 == CR0_3
A20 == CR0_5
A20 == CR0_18
A20 == CR4_6
A20 == CR4_9
A20 == D_CPL
A20 == D_SMM
SMM == HLT
SMM == EFL_8
SMM == EFL_11
SMM == EFL_13
SMM == CR0_2
SMM == CR0_7
SMM == CR0_20
SMM == CR4_8
SMM == CR4_11
SMM == CR4_12
ES == DS
ES_DPL == DS_DPL
EFL_2 == EFL_9
D_EFL_1 == D_EFL_2
D_EFL_1 == D_EFL_4
D_EFL_1 == D_EFL_6
D_EFL_1 == D_EFL_8
D_EFL_1 == D_EFL_9
D_EFL_1 == D_EFL_11
D_EFL_1 == D_EFL_13
D_EFL_1 == D_CR0_0
D_EFL_1 == D_CR0_1
D_EFL_1 == D_CR0_2
D_EFL_1 == D_CR0_3
D_EFL_1 == D_CR0_5
D_EFL_1 == D_CR0_7
D_EFL_1 == D_CR0_18
D_EFL_1 == D_CR0_20
D_EFL_1 == D_CR4_6
D_EFL_1 == D_CR4_8
D_EFL_1 == D_CR4_9
D_EFL_1 == D_CR4_11
D_EFL_1 == D_CR4_12
ADDR == -1
EAX >= 0
EDX >= 0
CPL == 0
II one of { 0, 1 }
A20 one of { 0, 1 }
SMM == 0
ES one of { "0", "007b00000000ffffffff00cff300" }
CS one of { "0", "006000000000ffffffff00cf9a00" }
SS one of { "0", "006800000000ffffffff00cf9300" }
FS one of { "0", "0000000000000000000000000000" }
GS one of { "0", "00d8c110a0000000000f00009300" }
LDT one of { "0", "0000000000000000000000008200" }
TR one of { "0", "0080c1100a800000207300008900" }
ES_DPL one of { 0, 3 }
GDT one of { "0", "c1109000000000ff" }
IDT one of { "0", "c049f000000007ff" }
CR0 one of { 0, 2147811387L }
CR2 one of { 0, 135180296 }
CR3 one of { 0, 131563520 }
CR4 one of { 0, 1744 }
DR0 == 0
DR1 == 0
DR2 == 0
DR3 == 0
DR6 one of { 0, 4294905840L }
DR7 one of { 0, 1024 }
CCS >= 0
CCD >= 0
CC0 == 0
EFER == 0
EFL_2 one of { 0, 1 }
EFL_4 one of { 0, 1 }
EFL_6 one of { 0, 1 }
D_EFL_1 == 1
ADDR < EIP
CPL <= ES_DPL
II <= A20
II >= SMM
II <= EFL_2
II <= D_EFL_1
A20 >= SMM
A20 >= EFL_2
A20 >= EFL_4
A20 >= EFL_6
A20 <= D_EFL_1
SMM <= EFL_2
SMM <= EFL_4
SMM <= EFL_6
ES >= CS
ES >= SS
ES >= FS
ES <= GS
ES >= LDT
ES <= TR
CS <= SS
CS >= FS
CS <= GS
CS >= LDT
CS <= TR
SS >= FS
SS <= GS
SS >= LDT
SS <= TR
FS <= GS
FS <= LDT
FS <= TR
GS >= LDT
GS >= TR
LDT <= TR
GDT >= IDT
EFL_2 >= EFL_6
EFL_2 <= D_EFL_1
EFL_4 <= D_EFL_1
EFL_6 <= D_EFL_1
===========================================================================
..new0x31():::EXIT
ADDR == orig(ADDR)
EAX == orig(EAX)
CPL == CS_DPL
CPL == SS_DPL
CPL == FS_DPL
CPL == GS_DPL
CPL == LDT_DPL
CPL == TR_DPL
CPL == orig(CPL)
CPL == orig(CS_DPL)
CPL == orig(SS_DPL)
CPL == orig(FS_DPL)
CPL == orig(GS_DPL)
CPL == orig(LDT_DPL)
CPL == orig(TR_DPL)
II == SMM
II == HLT
II == EFL_8
II == EFL_9
II == EFL_11
II == EFL_13
II == CR0_2
II == CR0_7
II == CR0_20
II == CR4_8
II == CR4_11
II == CR4_12
II == orig(SMM)
II == orig(HLT)
II == orig(EFL_8)
II == orig(EFL_11)
II == orig(EFL_13)
II == orig(CR0_2)
II == orig(CR0_7)
II == orig(CR0_20)
II == orig(CR4_8)
II == orig(CR4_11)
II == orig(CR4_12)
A20 == EFL_1
A20 == EFL_2
A20 == CR0_0
A20 == CR0_1
A20 == CR0_3
A20 == CR0_5
A20 == CR0_18
A20 == CR4_6
A20 == CR4_9
A20 == D_EFL_8
A20 == D_EFL_11
A20 == D_EFL_13
A20 == D_CR0_2
A20 == D_CR0_7
A20 == D_CR0_20
A20 == D_CR4_8
A20 == D_CR4_11
A20 == D_CR4_12
A20 == D_CPL
A20 == D_SMM
A20 == orig(D_EFL_1)
A20 == orig(D_EFL_2)
A20 == orig(D_EFL_4)
A20 == orig(D_EFL_6)
A20 == orig(D_EFL_8)
A20 == orig(D_EFL_9)
A20 == orig(D_EFL_11)
A20 == orig(D_EFL_13)
A20 == orig(D_CR0_0)
A20 == orig(D_CR0_1)
A20 == orig(D_CR0_2)
A20 == orig(D_CR0_3)
A20 == orig(D_CR0_5)
A20 == orig(D_CR0_7)
A20 == orig(D_CR0_18)
A20 == orig(D_CR0_20)
A20 == orig(D_CR4_6)
A20 == orig(D_CR4_8)
A20 == orig(D_CR4_9)
A20 == orig(D_CR4_11)
A20 == orig(D_CR4_12)
ES == DS
ES_DPL == DS_DPL
DR0 == orig(DR0)
DR1 == orig(DR1)
DR2 == orig(DR2)
DR3 == orig(DR3)
CC0 == orig(CC0)
EFER == orig(EFER)
D_EFL_1 == D_CR0_0
D_EFL_1 == D_CR0_1
D_EFL_1 == D_CR0_3
D_EFL_1 == D_CR0_5
D_EFL_1 == D_CR0_18
D_EFL_1 == D_CR4_6
D_EFL_1 == D_CR4_9
D_EFL_2 == D_EFL_6
(D_EFL_1 == 1)  <==>  (A20 == D_EFL_1)
(D_EFL_1 == 1)  <==>  (A20 == orig(A20))
(D_EFL_1 == 1)  <==>  (CPL < orig(ES_DPL))
(D_EFL_1 == 1)  <==>  (CR0 == orig(CR0))
(D_EFL_1 == 1)  <==>  (CR2 == orig(CR2))
(D_EFL_1 == 1)  <==>  (CR3 == orig(CR3))
(D_EFL_1 == 1)  <==>  (CR4 == orig(CR4))
(D_EFL_1 == 1)  <==>  (CS < orig(ES))
(D_EFL_1 == 1)  <==>  (CS < orig(GS))
(D_EFL_1 == 1)  <==>  (CS < orig(SS))
(D_EFL_1 == 1)  <==>  (CS < orig(TR))
(D_EFL_1 == 1)  <==>  (CS == orig(CS))
(D_EFL_1 == 1)  <==>  (DR6 == orig(DR6))
(D_EFL_1 == 1)  <==>  (DR7 == orig(DR7))
(D_EFL_1 == 1)  <==>  (D_EFL_4 != D_EFL_9)
(D_EFL_1 == 1)  <==>  (D_EFL_4 <= orig(A20))
(D_EFL_1 == 1)  <==>  (D_EFL_4 == orig(EFL_2))
(D_EFL_1 == 1)  <==>  (D_EFL_9 <= orig(A20))
(D_EFL_1 == 1)  <==>  (D_EFL_9 <= orig(EFL_4))
(D_EFL_1 == 1)  <==>  (EAX != orig(EBX))
(D_EFL_1 == 1)  <==>  (EAX != orig(ECX))
(D_EFL_1 == 1)  <==>  (EAX != orig(EDX))
(D_EFL_1 == 1)  <==>  (EBX == orig(EBX))
(D_EFL_1 == 1)  <==>  (ECX == orig(ECX))
(D_EFL_1 == 1)  <==>  (EDX == orig(EDX))
(D_EFL_1 == 1)  <==>  (EFL < orig(EFL))
(D_EFL_1 == 1)  <==>  (EFL_6 <= orig(A20))
(D_EFL_1 == 1)  <==>  (ES < orig(GS))
(D_EFL_1 == 1)  <==>  (ES < orig(TR))
(D_EFL_1 == 1)  <==>  (ES == orig(ES))
(D_EFL_1 == 1)  <==>  (ES_DPL == orig(ES_DPL))
(D_EFL_1 == 1)  <==>  (FS < orig(CS))
(D_EFL_1 == 1)  <==>  (FS < orig(ES))
(D_EFL_1 == 1)  <==>  (FS < orig(GS))
(D_EFL_1 == 1)  <==>  (FS < orig(LDT))
(D_EFL_1 == 1)  <==>  (FS < orig(SS))
(D_EFL_1 == 1)  <==>  (FS < orig(TR))
(D_EFL_1 == 1)  <==>  (FS == orig(FS))
(D_EFL_1 == 1)  <==>  (GDT == orig(GDT))
(D_EFL_1 == 1)  <==>  (GS == orig(GS))
(D_EFL_1 == 1)  <==>  (IDT < orig(GDT))
(D_EFL_1 == 1)  <==>  (IDT == orig(IDT))
(D_EFL_1 == 1)  <==>  (II < orig(A20))
(D_EFL_1 == 1)  <==>  (LDT < orig(CS))
(D_EFL_1 == 1)  <==>  (LDT < orig(ES))
(D_EFL_1 == 1)  <==>  (LDT < orig(GS))
(D_EFL_1 == 1)  <==>  (LDT < orig(SS))
(D_EFL_1 == 1)  <==>  (LDT < orig(TR))
(D_EFL_1 == 1)  <==>  (LDT == orig(LDT))
(D_EFL_1 == 1)  <==>  (SS < orig(ES))
(D_EFL_1 == 1)  <==>  (SS < orig(GS))
(D_EFL_1 == 1)  <==>  (SS < orig(TR))
(D_EFL_1 == 1)  <==>  (SS == orig(SS))
(D_EFL_1 == 1)  <==>  (TR < orig(GS))
(D_EFL_1 == 1)  <==>  (TR == orig(TR))
(D_EFL_1 == 1)  <==>  (orig(A20) == 1)
(D_EFL_1 == 1)  <==>  (orig(CR0) == 2147811387L)
(D_EFL_1 == 1)  <==>  (orig(CR2) == 135180296)
(D_EFL_1 == 1)  <==>  (orig(CR3) == 131563520)
(D_EFL_1 == 1)  <==>  (orig(CR4) == 1744)
(D_EFL_1 == 1)  <==>  (orig(CS) < orig(GS))
(D_EFL_1 == 1)  <==>  (orig(CS) < orig(SS))
(D_EFL_1 == 1)  <==>  (orig(CS) < orig(TR))
(D_EFL_1 == 1)  <==>  (orig(CS) == "006000000000ffffffff00cf9a00")
(D_EFL_1 == 1)  <==>  (orig(CS) > orig(FS))
(D_EFL_1 == 1)  <==>  (orig(CS) > orig(LDT))
(D_EFL_1 == 1)  <==>  (orig(DR6) == 4294905840L)
(D_EFL_1 == 1)  <==>  (orig(DR7) == 1024)
(D_EFL_1 == 1)  <==>  (orig(EBX) != orig(EDX))
(D_EFL_1 == 1)  <==>  (orig(EBX) one of { 2, 3226132308L, 3226387328L })
(D_EFL_1 == 1)  <==>  (orig(ECX) != orig(EDX))
(D_EFL_1 == 1)  <==>  (orig(ES) < orig(GS))
(D_EFL_1 == 1)  <==>  (orig(ES) < orig(TR))
(D_EFL_1 == 1)  <==>  (orig(ES) == "007b00000000ffffffff00cff300")
(D_EFL_1 == 1)  <==>  (orig(ES) > orig(CS))
(D_EFL_1 == 1)  <==>  (orig(ES) > orig(FS))
(D_EFL_1 == 1)  <==>  (orig(ES) > orig(LDT))
(D_EFL_1 == 1)  <==>  (orig(ES) > orig(SS))
(D_EFL_1 == 1)  <==>  (orig(ES_DPL) == 3)
(D_EFL_1 == 1)  <==>  (orig(FS) < orig(GS))
(D_EFL_1 == 1)  <==>  (orig(FS) < orig(LDT))
(D_EFL_1 == 1)  <==>  (orig(FS) < orig(TR))
(D_EFL_1 == 1)  <==>  (orig(FS) == "0000000000000000000000000000")
(D_EFL_1 == 1)  <==>  (orig(GDT) == "c1109000000000ff")
(D_EFL_1 == 1)  <==>  (orig(GDT) > orig(IDT))
(D_EFL_1 == 1)  <==>  (orig(GS) == "00d8c110a0000000000f00009300")
(D_EFL_1 == 1)  <==>  (orig(GS) > orig(LDT))
(D_EFL_1 == 1)  <==>  (orig(GS) > orig(TR))
(D_EFL_1 == 1)  <==>  (orig(IDT) == "c049f000000007ff")
(D_EFL_1 == 1)  <==>  (orig(LDT) < orig(TR))
(D_EFL_1 == 1)  <==>  (orig(LDT) == "0000000000000000000000008200")
(D_EFL_1 == 1)  <==>  (orig(SS) < orig(GS))
(D_EFL_1 == 1)  <==>  (orig(SS) < orig(TR))
(D_EFL_1 == 1)  <==>  (orig(SS) == "006800000000ffffffff00cf9300")
(D_EFL_1 == 1)  <==>  (orig(SS) > orig(FS))
(D_EFL_1 == 1)  <==>  (orig(SS) > orig(LDT))
(D_EFL_1 == 1)  <==>  (orig(TR) == "0080c1100a800000207300008900")
(D_EFL_1 == 1)  ==>  (CCS one of { 68, 132, 149 })
(D_EFL_1 == 1)  ==>  (D_EFL_2 one of { 1, 2 })
(D_EFL_1 == 1)  ==>  (D_EFL_4 one of { 0, 1 })
(D_EFL_1 == 1)  ==>  (D_EFL_9 one of { 0, 1 })
(D_EFL_1 == 1)  ==>  (EBX one of { 2, 3226132308L, 3226387328L })
(D_EFL_1 == 1)  ==>  (EFL one of { 70, 134, 151 })
(D_EFL_1 == 1)  ==>  (EFL_4 one of { 0, 1 })
(D_EFL_1 == 1)  ==>  (EFL_6 one of { 0, 1 })
(D_EFL_1 == 1)  ==>  (orig(EFL_2) one of { 0, 1 })
(D_EFL_1 == 1)  ==>  (orig(EFL_4) one of { 0, 1 })
(D_EFL_1 == 1)  ==>  (orig(EFL_6) one of { 0, 1 })
(D_EFL_1 == 1)  ==>  (orig(II) one of { 0, 1 })
(D_EFL_1 == 2)  <==>  (CPL == orig(ES_DPL))
(D_EFL_1 == 2)  <==>  (EAX == orig(EBX))
(D_EFL_1 == 2)  <==>  (EAX == orig(ECX))
(D_EFL_1 == 2)  <==>  (EAX == orig(EDX))
(D_EFL_1 == 2)  <==>  (II == orig(A20))
(D_EFL_1 == 2)  <==>  (orig(A20) == 0)
(D_EFL_1 == 2)  <==>  (orig(CR0) == 0)
(D_EFL_1 == 2)  <==>  (orig(CR2) == 0)
(D_EFL_1 == 2)  <==>  (orig(CR3) == 0)
(D_EFL_1 == 2)  <==>  (orig(CR4) == 0)
(D_EFL_1 == 2)  <==>  (orig(CS) == "0")
(D_EFL_1 == 2)  <==>  (orig(DR6) == 0)
(D_EFL_1 == 2)  <==>  (orig(DR7) == 0)
(D_EFL_1 == 2)  <==>  (orig(EBX) == 0)
(D_EFL_1 == 2)  <==>  (orig(ECX) == 0)
(D_EFL_1 == 2)  <==>  (orig(EFL) == 0)
(D_EFL_1 == 2)  <==>  (orig(EIP) == 0)
(D_EFL_1 == 2)  <==>  (orig(ES) == "0")
(D_EFL_1 == 2)  <==>  (orig(ES) == orig(CS))
(D_EFL_1 == 2)  <==>  (orig(ES) == orig(FS))
(D_EFL_1 == 2)  <==>  (orig(ES) == orig(GS))
(D_EFL_1 == 2)  <==>  (orig(ES) == orig(LDT))
(D_EFL_1 == 2)  <==>  (orig(ES) == orig(SS))
(D_EFL_1 == 2)  <==>  (orig(ES) == orig(TR))
(D_EFL_1 == 2)  <==>  (orig(ES_DPL) == 0)
(D_EFL_1 == 2)  <==>  (orig(FS) == "0")
(D_EFL_1 == 2)  <==>  (orig(GDT) == "0")
(D_EFL_1 == 2)  <==>  (orig(GDT) == orig(IDT))
(D_EFL_1 == 2)  <==>  (orig(GS) == "0")
(D_EFL_1 == 2)  <==>  (orig(IDT) == "0")
(D_EFL_1 == 2)  <==>  (orig(LDT) == "0")
(D_EFL_1 == 2)  <==>  (orig(SS) == "0")
(D_EFL_1 == 2)  <==>  (orig(TR) == "0")
(D_EFL_1 == 2)  ==>  (A20 == D_EFL_4)
(D_EFL_1 == 2)  ==>  (A20 == D_EFL_9)
(D_EFL_1 == 2)  ==>  (A20 == EFL_6)
(D_EFL_1 == 2)  ==>  (CCD == 0)
(D_EFL_1 == 2)  ==>  (CCD == orig(CCD))
(D_EFL_1 == 2)  ==>  (CCS == 68)
(D_EFL_1 == 2)  ==>  (D_EFL_1 == D_EFL_2)
(D_EFL_1 == 2)  ==>  (D_EFL_2 == 2)
(D_EFL_1 == 2)  ==>  (D_EFL_4 == 1)
(D_EFL_1 == 2)  ==>  (D_EFL_9 == 1)
(D_EFL_1 == 2)  ==>  (EAX == 0)
(D_EFL_1 == 2)  ==>  (EBX == 3226387328L)
(D_EFL_1 == 2)  ==>  (ECX == 3239062784L)
(D_EFL_1 == 2)  ==>  (EDX == 3222277386L)
(D_EFL_1 == 2)  ==>  (EFL == 70)
(D_EFL_1 == 2)  ==>  (EFL_4 == 0)
(D_EFL_1 == 2)  ==>  (EFL_6 == 1)
(D_EFL_1 == 2)  ==>  (II == EFL_4)
(D_EFL_1 == 2)  ==>  (II == orig(EFL_2))
(D_EFL_1 == 2)  ==>  (II == orig(EFL_4))
(D_EFL_1 == 2)  ==>  (II == orig(EFL_6))
(D_EFL_1 == 2)  ==>  (II == orig(II))
(D_EFL_1 == 2)  ==>  (orig(CCD) == 0)
(D_EFL_1 == 2)  ==>  (orig(CCS) == 0)
(D_EFL_1 == 2)  ==>  (orig(EDX) == 0)
(D_EFL_1 == 2)  ==>  (orig(EFL_2) == 0)
(D_EFL_1 == 2)  ==>  (orig(EFL_4) == 0)
(D_EFL_1 == 2)  ==>  (orig(EFL_6) == 0)
(D_EFL_1 == 2)  ==>  (orig(II) == 0)
ADDR == -1
EAX >= 0
EBX one of { 2, 3226132308L, 3226387328L }
EIP == 3222285972L
EFL one of { 70, 134, 151 }
CPL == 0
II == 0
A20 == 1
ES == "007b00000000ffffffff00cff300"
CS == "006000000000ffffffff00cf9a00"
SS == "006800000000ffffffff00cf9300"
FS == "0000000000000000000000000000"
GS == "00d8c110a0000000000f00009300"
LDT == "0000000000000000000000008200"
TR == "0080c1100a800000207300008900"
ES_DPL == 3
GDT == "c1109000000000ff"
IDT == "c049f000000007ff"
CR0 == 2147811387L
CR2 == 135180296
CR3 == 131563520
CR4 == 1744
DR0 == 0
DR1 == 0
DR2 == 0
DR3 == 0
DR6 == 4294905840L
DR7 == 1024
CCS one of { 68, 132, 149 }
CCD >= 0
CC0 == 0
EFER == 0
EFL_4 one of { 0, 1 }
EFL_6 one of { 0, 1 }
D_EFL_1 one of { 1, 2 }
D_EFL_2 one of { 1, 2 }
D_EFL_4 one of { 0, 1 }
D_EFL_9 one of { 0, 1 }
ADDR < orig(EIP)
EAX != EBX
EAX != ECX
EAX != EDX
EBX != EDX
EBX >= orig(EBX)
orig(EBX) % EBX == 0
EBX != orig(EDX)
ECX != EDX
ECX >= orig(ECX)
orig(ECX) % ECX == 0
ECX != orig(EDX)
EDX != orig(EBX)
EDX != orig(ECX)
EDX >= orig(EDX)
EIP != orig(EIP)
EFL != orig(EFL)
CPL <= orig(ES_DPL)
II <= EFL_4
II <= EFL_6
II < D_EFL_1
II < D_EFL_2
II <= D_EFL_4
II <= D_EFL_9
II <= orig(II)
II <= orig(A20)
II <= orig(EFL_2)
II <= orig(EFL_4)
II <= orig(EFL_6)
A20 >= EFL_4
A20 >= EFL_6
A20 <= D_EFL_1
A20 <= D_EFL_2
A20 >= D_EFL_4
A20 >= D_EFL_9
A20 >= orig(II)
A20 >= orig(A20)
A20 >= orig(EFL_2)
A20 >= orig(EFL_4)
A20 >= orig(EFL_6)
ES > CS
ES > SS
ES > FS
ES < GS
ES > LDT
ES < TR
ES >= orig(ES)
ES > orig(CS)
ES > orig(SS)
ES > orig(FS)
ES != orig(GS)
ES > orig(LDT)
ES != orig(TR)
CS < SS
CS > FS
CS < GS
CS > LDT
CS < TR
CS != orig(ES)
CS >= orig(CS)
CS != orig(SS)
CS > orig(FS)
CS != orig(GS)
CS > orig(LDT)
CS != orig(TR)
SS > FS
SS < GS
SS > LDT
SS < TR
SS != orig(ES)
SS > orig(CS)
SS >= orig(SS)
SS > orig(FS)
SS != orig(GS)
SS > orig(LDT)
SS != orig(TR)
FS < GS
FS < LDT
FS < TR
FS != orig(ES)
FS != orig(CS)
FS != orig(SS)
FS >= orig(FS)
FS != orig(GS)
FS != orig(LDT)
FS != orig(TR)
GS > LDT
GS > TR
GS > orig(ES)
GS > orig(CS)
GS > orig(SS)
GS > orig(FS)
GS >= orig(GS)
GS > orig(LDT)
GS > orig(TR)
LDT < TR
LDT != orig(ES)
LDT != orig(CS)
LDT != orig(SS)
LDT > orig(FS)
LDT != orig(GS)
LDT >= orig(LDT)
LDT != orig(TR)
TR > orig(ES)
TR > orig(CS)
TR > orig(SS)
TR > orig(FS)
TR != orig(GS)
TR > orig(LDT)
TR >= orig(TR)
ES_DPL >= orig(ES_DPL)
GDT > IDT
GDT >= orig(GDT)
GDT > orig(IDT)
IDT != orig(GDT)
IDT >= orig(IDT)
CR0 >= orig(CR0)
CR2 >= orig(CR2)
CR3 >= orig(CR3)
CR4 >= orig(CR4)
DR6 >= orig(DR6)
DR7 >= orig(DR7)
CCD <= orig(CCD)
EFL_4 <= D_EFL_1
EFL_4 <= D_EFL_2
EFL_4 <= D_EFL_4
EFL_4 <= orig(A20)
EFL_4 <= orig(EFL_2)
EFL_4 <= orig(EFL_4)
EFL_6 <= D_EFL_1
EFL_6 <= D_EFL_2
EFL_6 >= D_EFL_9
EFL_6 >= orig(EFL_6)
D_EFL_1 <= D_EFL_2
D_EFL_1 >= D_EFL_4
D_EFL_1 >= D_EFL_9
D_EFL_1 >= orig(II)
D_EFL_1 >= orig(A20)
D_EFL_1 >= orig(EFL_2)
D_EFL_1 >= orig(EFL_4)
D_EFL_1 >= orig(EFL_6)
D_EFL_2 >= D_EFL_4
D_EFL_2 > D_EFL_9
D_EFL_2 >= orig(II)
D_EFL_2 >= orig(A20)
D_EFL_2 >= orig(EFL_2)
D_EFL_2 >= orig(EFL_4)
D_EFL_2 >= orig(EFL_6)
D_EFL_4 >= orig(II)
D_EFL_4 >= orig(EFL_2)
D_EFL_4 >= orig(EFL_6)
D_EFL_9 != orig(EFL_2)
===========================================================================
..new0x31():::EXIT;condition="CS==orig(CS)"
EBX == orig(EBX)
ECX == orig(ECX)
EDX == orig(EDX)
A20 == D_EFL_1
A20 == D_CR0_0
A20 == D_CR0_1
A20 == D_CR0_3
A20 == D_CR0_5
A20 == D_CR0_18
A20 == D_CR4_6
A20 == D_CR4_9
A20 == orig(A20)
A20 == orig(EFL_1)
A20 == orig(CR0_0)
A20 == orig(CR0_1)
A20 == orig(CR0_3)
A20 == orig(CR0_5)
A20 == orig(CR0_18)
A20 == orig(CR4_6)
A20 == orig(CR4_9)
A20 == orig(D_CPL)
A20 == orig(D_SMM)
ES == orig(ES)
ES == orig(DS)
CS == orig(CS)
SS == orig(SS)
FS == orig(FS)
GS == orig(GS)
LDT == orig(LDT)
TR == orig(TR)
ES_DPL == orig(ES_DPL)
ES_DPL == orig(DS_DPL)
GDT == orig(GDT)
IDT == orig(IDT)
CR0 == orig(CR0)
CR2 == orig(CR2)
CR3 == orig(CR3)
CR4 == orig(CR4)
DR6 == orig(DR6)
DR7 == orig(DR7)
D_EFL_4 == orig(EFL_2)
D_EFL_4 == orig(EFL_9)
EFL < orig(EFL)
D_EFL_4 != D_EFL_9
D_EFL_9 <= orig(EFL_4)
===========================================================================
..new0x31():::EXIT;condition="not(CS==orig(CS))"
EAX == orig(EBX)
EAX == orig(ECX)
EAX == orig(EDX)
CPL == orig(ES_DPL)
CPL == orig(DS_DPL)
II == EFL_4
II == orig(II)
II == orig(A20)
II == orig(EFL_1)
II == orig(EFL_2)
II == orig(EFL_4)
II == orig(EFL_6)
II == orig(EFL_9)
II == orig(CR0_0)
II == orig(CR0_1)
II == orig(CR0_3)
II == orig(CR0_5)
II == orig(CR0_18)
II == orig(CR4_6)
II == orig(CR4_9)
II == orig(D_CPL)
II == orig(D_SMM)
A20 == EFL_6
A20 == D_EFL_4
A20 == D_EFL_9
CCD == orig(CCD)
D_EFL_1 == D_EFL_2
D_EFL_1 == D_EFL_6
orig(ES) == orig(CS)
orig(ES) == orig(SS)
orig(ES) == orig(FS)
orig(ES) == orig(GS)
orig(ES) == orig(LDT)
orig(ES) == orig(TR)
orig(GDT) == orig(IDT)
EAX == 0
EBX == 3226387328L
ECX == 3239062784L
EDX == 3222277386L
EFL == 70
CCS == 68
CCD == 0
D_EFL_1 == 2
orig(EIP) == 0
orig(EFL) == 0
orig(ES) == "0"
orig(GDT) == "0"
orig(CR0) == 0
orig(CR2) == 0
orig(CR3) == 0
orig(CR4) == 0
orig(DR6) == 0
orig(DR7) == 0
orig(CCS) == 0
===========================================================================
..new0xef():::ENTER
CPL == CS_DPL
CPL == SS_DPL
CPL == FS_DPL
CPL == GS_DPL
CPL == LDT_DPL
CPL == TR_DPL
II == A20
II == EFL_1
II == EFL_2
II == EFL_6
II == EFL_9
II == CR0_0
II == CR0_1
II == CR0_3
II == CR0_5
II == CR0_18
II == CR4_6
II == CR4_9
II == D_EFL_1
II == D_EFL_2
II == D_EFL_4
II == D_EFL_6
II == D_EFL_8
II == D_EFL_9
II == D_EFL_11
II == D_EFL_13
II == D_CR0_0
II == D_CR0_1
II == D_CR0_2
II == D_CR0_3
II == D_CR0_5
II == D_CR0_7
II == D_CR0_18
II == D_CR0_20
II == D_CR4_6
II == D_CR4_8
II == D_CR4_9
II == D_CR4_11
II == D_CR4_12
II == D_CPL
II == D_SMM
SMM == HLT
SMM == EFL_4
SMM == EFL_8
SMM == EFL_11
SMM == EFL_13
SMM == CR0_2
SMM == CR0_7
SMM == CR0_20
SMM == CR4_8
SMM == CR4_11
SMM == CR4_12
ES == DS
ES_DPL == DS_DPL
ADDR == -1
EAX == 0
EBX == 3226387328L
ECX == 3239062784L
EDX == 3222277386L
EIP == 3222351712L
EFL == 582
CPL == 0
II == 1
SMM == 0
ES == "007b00000000ffffffff00cff300"
CS == "006000000000ffffffff00cf9a00"
SS == "006800000000ffffffff00cf9300"
FS == "0000000000000000000000000000"
GS == "00d8c110a0000000000f00009300"
LDT == "0000000000000000000000008200"
TR == "0080c1100a800000207300008900"
ES_DPL == 3
GDT == "c1109000000000ff"
IDT == "c049f000000007ff"
CR0 == 2147811387L
CR2 == 135180296
CR3 == 131563520
CR4 == 1744
DR0 == 0
DR1 == 0
DR2 == 0
DR3 == 0
DR6 == 4294905840L
DR7 == 1024
CCS == 0
CCD == 0
CC0 == 0
EFER == 0
ES > CS
ES > SS
ES > FS
ES < GS
ES > LDT
ES < TR
CS < SS
CS > FS
CS < GS
CS > LDT
CS < TR
SS > FS
SS < GS
SS > LDT
SS < TR
FS < GS
FS < LDT
FS < TR
GS > LDT
GS > TR
LDT < TR
GDT > IDT
===========================================================================
..new0xef():::EXIT
ADDR == orig(ADDR)
EAX == orig(EAX)
EBX == orig(EBX)
ECX == orig(ECX)
EDX == orig(EDX)
CPL == CS_DPL
CPL == SS_DPL
CPL == FS_DPL
CPL == GS_DPL
CPL == LDT_DPL
CPL == TR_DPL
CPL == orig(CPL)
CPL == orig(CS_DPL)
CPL == orig(SS_DPL)
CPL == orig(FS_DPL)
CPL == orig(GS_DPL)
CPL == orig(LDT_DPL)
CPL == orig(TR_DPL)
II == SMM
II == HLT
II == EFL_4
II == EFL_8
II == EFL_9
II == EFL_11
II == EFL_13
II == CR0_2
II == CR0_7
II == CR0_20
II == CR4_8
II == CR4_11
II == CR4_12
II == D_EFL_9
II == orig(SMM)
II == orig(HLT)
II == orig(EFL_4)
II == orig(EFL_8)
II == orig(EFL_11)
II == orig(EFL_13)
II == orig(CR0_2)
II == orig(CR0_7)
II == orig(CR0_20)
II == orig(CR4_8)
II == orig(CR4_11)
II == orig(CR4_12)
A20 == EFL_1
A20 == EFL_2
A20 == EFL_6
A20 == CR0_0
A20 == CR0_1
A20 == CR0_3
A20 == CR0_5
A20 == CR0_18
A20 == CR4_6
A20 == CR4_9
A20 == D_EFL_1
A20 == D_EFL_2
A20 == D_EFL_4
A20 == D_EFL_6
A20 == D_EFL_8
A20 == D_EFL_11
A20 == D_EFL_13
A20 == D_CR0_0
A20 == D_CR0_1
A20 == D_CR0_2
A20 == D_CR0_3
A20 == D_CR0_5
A20 == D_CR0_7
A20 == D_CR0_18
A20 == D_CR0_20
A20 == D_CR4_6
A20 == D_CR4_8
A20 == D_CR4_9
A20 == D_CR4_11
A20 == D_CR4_12
A20 == D_CPL
A20 == D_SMM
A20 == orig(II)
A20 == orig(A20)
A20 == orig(EFL_1)
A20 == orig(EFL_2)
A20 == orig(EFL_6)
A20 == orig(EFL_9)
A20 == orig(CR0_0)
A20 == orig(CR0_1)
A20 == orig(CR0_3)
A20 == orig(CR0_5)
A20 == orig(CR0_18)
A20 == orig(CR4_6)
A20 == orig(CR4_9)
A20 == orig(D_EFL_1)
A20 == orig(D_EFL_2)
A20 == orig(D_EFL_4)
A20 == orig(D_EFL_6)
A20 == orig(D_EFL_8)
A20 == orig(D_EFL_9)
A20 == orig(D_EFL_11)
A20 == orig(D_EFL_13)
A20 == orig(D_CR0_0)
A20 == orig(D_CR0_1)
A20 == orig(D_CR0_2)
A20 == orig(D_CR0_3)
A20 == orig(D_CR0_5)
A20 == orig(D_CR0_7)
A20 == orig(D_CR0_18)
A20 == orig(D_CR0_20)
A20 == orig(D_CR4_6)
A20 == orig(D_CR4_8)
A20 == orig(D_CR4_9)
A20 == orig(D_CR4_11)
A20 == orig(D_CR4_12)
A20 == orig(D_CPL)
A20 == orig(D_SMM)
ES == DS
ES == orig(ES)
ES == orig(DS)
CS == orig(CS)
SS == orig(SS)
FS == orig(FS)
GS == orig(GS)
LDT == orig(LDT)
TR == orig(TR)
ES_DPL == DS_DPL
ES_DPL == orig(ES_DPL)
ES_DPL == orig(DS_DPL)
GDT == orig(GDT)
IDT == orig(IDT)
CR0 == orig(CR0)
CR2 == orig(CR2)
CR3 == orig(CR3)
CR4 == orig(CR4)
DR0 == orig(DR0)
DR1 == orig(DR1)
DR2 == orig(DR2)
DR3 == orig(DR3)
DR6 == orig(DR6)
DR7 == orig(DR7)
CCD == orig(CCD)
CC0 == orig(CC0)
EFER == orig(EFER)
ADDR == -1
EAX == 0
EBX == 3226387328L
ECX == 3239062784L
EDX == 3222277386L
EIP == 3222288268L
EFL == 70
CPL == 0
II == 0
A20 == 1
ES == "007b00000000ffffffff00cff300"
CS == "006000000000ffffffff00cf9a00"
SS == "006800000000ffffffff00cf9300"
FS == "0000000000000000000000000000"
GS == "00d8c110a0000000000f00009300"
LDT == "0000000000000000000000008200"
TR == "0080c1100a800000207300008900"
ES_DPL == 3
GDT == "c1109000000000ff"
IDT == "c049f000000007ff"
CR0 == 2147811387L
CR2 == 135180296
CR3 == 131563520
CR4 == 1744
DR0 == 0
DR1 == 0
DR2 == 0
DR3 == 0
DR6 == 4294905840L
DR7 == 1024
CCS == 68
CCD == 0
CC0 == 0
EFER == 0
ES > CS
ES > SS
ES > FS
ES < GS
ES > LDT
ES < TR
CS < SS
CS > FS
CS < GS
CS > LDT
CS < TR
SS > FS
SS < GS
SS > LDT
SS < TR
FS < GS
FS < LDT
FS < TR
GS > LDT
GS > TR
LDT < TR
GDT > IDT
===========================================================================
..new0xef():::EXIT;condition="CS==orig(CS)"
Exiting Daikon.
